#
# There is insufficient memory for the Java Runtime Environment to continue.
# Native memory allocation (malloc) failed to allocate 1048592 bytes. Error detail: Chunk::new
# Possible reasons:
#   The system is out of physical RAM or swap space
#   This process is running with CompressedOops enabled, and the Java Heap may be blocking the growth of the native heap
# Possible solutions:
#   Reduce memory load on the system
#   Increase physical memory or swap space
#   Check if swap backing store is full
#   Decrease Java heap size (-Xmx/-Xms)
#   Decrease number of Java threads
#   Decrease Java thread stack sizes (-Xss)
#   Set larger code cache with -XX:ReservedCodeCacheSize=
#   JVM is running with Unscaled Compressed Oops mode in which the Java heap is
#     placed in the first 4GB address space. The Java Heap base address is the
#     maximum limit for the native heap growth. Please use -XX:HeapBaseMinAddress
#     to set the Java Heap base and to place the Java Heap above 4GB virtual address.
# This output file may be truncated or incomplete.
#
#  Out of Memory Error (arena.cpp:168), pid=540, tid=8056
#
# JRE version: OpenJDK Runtime Environment Temurin-21.0.10+7 (21.0.10+7) (build 21.0.10+7-LTS)
# Java VM: OpenJDK 64-Bit Server VM Temurin-21.0.10+7 (21.0.10+7-LTS, mixed mode, sharing, tiered, compressed oops, compressed class ptrs, parallel gc, windows-amd64)
# No core dump will be written. Minidumps are not enabled by default on client versions of Windows
#

---------------  S U M M A R Y ------------

Command Line: --add-modules=ALL-SYSTEM --add-opens=java.base/java.util=ALL-UNNAMED --add-opens=java.base/java.lang=ALL-UNNAMED --add-opens=java.base/sun.nio.fs=ALL-UNNAMED -Declipse.application=org.eclipse.jdt.ls.core.id1 -Dosgi.bundles.defaultStartLevel=4 -Declipse.product=org.eclipse.jdt.ls.core.product -Djava.import.generatesMetadataFilesAtProjectRoot=false -DDetectVMInstallationsJob.disabled=true -Dfile.encoding=utf8 -XX:+UseParallelGC -XX:GCTimeRatio=4 -XX:AdaptiveSizePolicyWeight=90 -Dsun.zip.disableMemoryMapping=true -Xmx2G -Xms100m -Xlog:disable -javaagent:c:\Users\ompra\.vscode\extensions\redhat.java-1.54.0-win32-x64\lombok\lombok-1.18.39-4050.jar -XX:+HeapDumpOnOutOfMemoryError -XX:HeapDumpPath=c:\Users\ompra\AppData\Roaming\Code\User\workspaceStorage\23bea852511d06e619417e0a6543da67\redhat.java -Daether.dependencyCollector.impl=bf c:\Users\ompra\.vscode\extensions\redhat.java-1.54.0-win32-x64\server\plugins\org.eclipse.equinox.launcher_1.7.100.v20251111-0406.jar -configuration c:\Users\ompra\AppData\Roaming\Code\User\globalStorage\redhat.java\1.54.0\config_win -data c:\Users\ompra\AppData\Roaming\Code\User\workspaceStorage\23bea852511d06e619417e0a6543da67\redhat.java\jdt_ws --pipe=\\.\pipe\lsp-19109f743cc8de63ffcdc9729f54f27b-sock

Host: 11th Gen Intel(R) Core(TM) i5-11300H @ 3.10GHz, 8 cores, 15G,  Windows 11 , 64 bit Build 26100 (10.0.26100.8115)
Time: Fri Apr 17 22:40:59 2026 Romance Summer Time elapsed time: 318.229736 seconds (0d 0h 5m 18s)

---------------  T H R E A D  ---------------

Current thread (0x00000257c9a69570):  JavaThread "C2 CompilerThread0" daemon [_thread_in_native, id=8056, stack(0x000000b06af00000,0x000000b06b000000) (1024K)]


Current CompileTask:
C2:318229 13727   !   4       org.eclipse.jdt.internal.core.JarPackageFragmentRoot::computeChildren (606 bytes)

Stack: [0x000000b06af00000,0x000000b06b000000]
Native frames: (J=compiled Java code, j=interpreted, Vv=VM code, C=native code)
V  [jvm.dll+0x6d7a39]
V  [jvm.dll+0x8b4b26]
V  [jvm.dll+0x8b70de]
V  [jvm.dll+0x8b77c3]
V  [jvm.dll+0x284346]
V  [jvm.dll+0xc66ed]
V  [jvm.dll+0xc6c31]
V  [jvm.dll+0xc6815]
V  [jvm.dll+0x6b3d38]
V  [jvm.dll+0x8e118]
V  [jvm.dll+0x666b6d]
V  [jvm.dll+0x664a7b]
V  [jvm.dll+0x24c3db]
V  [jvm.dll+0x24bb40]
V  [jvm.dll+0x1cb34e]
V  [jvm.dll+0x25b85d]
V  [jvm.dll+0x259dea]
V  [jvm.dll+0x3f857e]
V  [jvm.dll+0x85f59d]
V  [jvm.dll+0x6d626d]
C  [ucrtbase.dll+0x37b0]
C  [KERNEL32.DLL+0x2e8d7]
C  [ntdll.dll+0x8c3fc]


---------------  P R O C E S S  ---------------

Threads class SMR info:
_java_thread_list=0x0000025812779750, length=48, elements={
0x00000257b0c2bac0, 0x00000257c9a4cdf0, 0x00000257c9a4f780, 0x00000257c9a52880,
0x00000257c9a532e0, 0x00000257c9a572b0, 0x00000257c9a5b450, 0x00000257c9a69570,
0x000002580c350d50, 0x000002580c5261e0, 0x000002580c6bf800, 0x000002580cc597e0,
0x000002580cf19ff0, 0x000002580ce700a0, 0x000002580ce70710, 0x00000258118d5980,
0x000002581129e9c0, 0x00000258113c5150, 0x000002581141adf0, 0x000002581141bb10,
0x000002581141c830, 0x000002581141cec0, 0x000002581141b480, 0x000002581368cbe0,
0x000002581368f340, 0x000002581368ecb0, 0x000002581368f9d0, 0x000002581368d270,
0x0000025813690060, 0x000002581368df90, 0x000002581368d900, 0x000002581368e620,
0x000002581124d5d0, 0x000002581124e980, 0x00000258112503c0, 0x00000258112510e0,
0x000002581124dc60, 0x0000025811251770, 0x00000258160b6be0, 0x00000258160b7f90,
0x00000258160b5ec0, 0x0000025814ad9230, 0x0000025814ad76f0, 0x00000258160b8cb0,
0x00000258160b99d0, 0x00000258160bc130, 0x00000258160bd4e0, 0x00000258160bc7c0
}

Java Threads: ( => current thread )
  0x00000257b0c2bac0 JavaThread "main"                              [_thread_blocked, id=11988, stack(0x000000b06a500000,0x000000b06a600000) (1024K)]
  0x00000257c9a4cdf0 JavaThread "Reference Handler"          daemon [_thread_blocked, id=18280, stack(0x000000b06a900000,0x000000b06aa00000) (1024K)]
  0x00000257c9a4f780 JavaThread "Finalizer"                  daemon [_thread_blocked, id=5356, stack(0x000000b06aa00000,0x000000b06ab00000) (1024K)]
  0x00000257c9a52880 JavaThread "Signal Dispatcher"          daemon [_thread_blocked, id=13344, stack(0x000000b06ab00000,0x000000b06ac00000) (1024K)]
  0x00000257c9a532e0 JavaThread "Attach Listener"            daemon [_thread_blocked, id=22516, stack(0x000000b06ac00000,0x000000b06ad00000) (1024K)]
  0x00000257c9a572b0 JavaThread "Service Thread"             daemon [_thread_blocked, id=10404, stack(0x000000b06ad00000,0x000000b06ae00000) (1024K)]
  0x00000257c9a5b450 JavaThread "Monitor Deflation Thread"   daemon [_thread_blocked, id=15208, stack(0x000000b06ae00000,0x000000b06af00000) (1024K)]
=>0x00000257c9a69570 JavaThread "C2 CompilerThread0"         daemon [_thread_in_native, id=8056, stack(0x000000b06af00000,0x000000b06b000000) (1024K)]
  0x000002580c350d50 JavaThread "C1 CompilerThread0"         daemon [_thread_blocked, id=15348, stack(0x000000b06b000000,0x000000b06b100000) (1024K)]
  0x000002580c5261e0 JavaThread "Common-Cleaner"             daemon [_thread_blocked, id=4772, stack(0x000000b06b100000,0x000000b06b200000) (1024K)]
  0x000002580c6bf800 JavaThread "Notification Thread"        daemon [_thread_blocked, id=21548, stack(0x000000b06b400000,0x000000b06b500000) (1024K)]
  0x000002580cc597e0 JavaThread "Active Thread: Equinox Container: d3596b0c-e7be-4796-9d04-bf503a903af9"        [_thread_blocked, id=18128, stack(0x000000b06bb00000,0x000000b06bc00000) (1024K)]
  0x000002580cf19ff0 JavaThread "Refresh Thread: Equinox Container: d3596b0c-e7be-4796-9d04-bf503a903af9" daemon [_thread_blocked, id=9640, stack(0x000000b06bd00000,0x000000b06be00000) (1024K)]
  0x000002580ce700a0 JavaThread "Framework Event Dispatcher: Equinox Container: d3596b0c-e7be-4796-9d04-bf503a903af9" daemon [_thread_blocked, id=18620, stack(0x000000b06be00000,0x000000b06bf00000) (1024K)]
  0x000002580ce70710 JavaThread "Start Level: Equinox Container: d3596b0c-e7be-4796-9d04-bf503a903af9" daemon [_thread_blocked, id=11548, stack(0x000000b06bf00000,0x000000b06c000000) (1024K)]
  0x00000258118d5980 JavaThread "Bundle File Closer"         daemon [_thread_blocked, id=19004, stack(0x000000b06c000000,0x000000b06c100000) (1024K)]
  0x000002581129e9c0 JavaThread "SCR Component Actor"        daemon [_thread_blocked, id=6200, stack(0x000000b06b200000,0x000000b06b300000) (1024K)]
  0x00000258113c5150 JavaThread "Worker-JM"                         [_thread_blocked, id=21612, stack(0x000000b06c200000,0x000000b06c300000) (1024K)]
  0x000002581141adf0 JavaThread "JNA Cleaner"                daemon [_thread_blocked, id=1388, stack(0x000000b06c300000,0x000000b06c400000) (1024K)]
  0x000002581141bb10 JavaThread "Worker-0"                          [_thread_blocked, id=3296, stack(0x000000b06c400000,0x000000b06c500000) (1024K)]
  0x000002581141c830 JavaThread "Java indexing"              daemon [_thread_in_native, id=23112, stack(0x000000b06c600000,0x000000b06c700000) (1024K)]
  0x000002581141cec0 JavaThread "Worker-2"                          [_thread_blocked, id=16940, stack(0x000000b06c900000,0x000000b06ca00000) (1024K)]
  0x000002581141b480 JavaThread "Thread-1"                   daemon [_thread_in_native, id=22256, stack(0x000000b06cb00000,0x000000b06cc00000) (1024K)]
  0x000002581368cbe0 JavaThread "Thread-2"                   daemon [_thread_in_native, id=6584, stack(0x000000b06cc00000,0x000000b06cd00000) (1024K)]
  0x000002581368f340 JavaThread "Thread-3"                   daemon [_thread_in_native, id=21712, stack(0x000000b06cd00000,0x000000b06ce00000) (1024K)]
  0x000002581368ecb0 JavaThread "Thread-4"                   daemon [_thread_in_native, id=3944, stack(0x000000b06ce00000,0x000000b06cf00000) (1024K)]
  0x000002581368f9d0 JavaThread "Thread-5"                   daemon [_thread_in_native, id=23412, stack(0x000000b06cf00000,0x000000b06d000000) (1024K)]
  0x000002581368d270 JavaThread "Thread-6"                   daemon [_thread_in_native, id=3808, stack(0x000000b06d000000,0x000000b06d100000) (1024K)]
  0x0000025813690060 JavaThread "Thread-7"                   daemon [_thread_in_native, id=1524, stack(0x000000b06d100000,0x000000b06d200000) (1024K)]
  0x000002581368df90 JavaThread "Thread-8"                   daemon [_thread_in_native, id=13376, stack(0x000000b06d200000,0x000000b06d300000) (1024K)]
  0x000002581368d900 JavaThread "Thread-9"                   daemon [_thread_in_native, id=15000, stack(0x000000b06d300000,0x000000b06d400000) (1024K)]
  0x000002581368e620 JavaThread "pool-2-thread-1"                   [_thread_blocked, id=22744, stack(0x000000b06d400000,0x000000b06d500000) (1024K)]
  0x000002581124d5d0 JavaThread "WorkspaceEventsHandler"            [_thread_blocked, id=15812, stack(0x000000b06d500000,0x000000b06d600000) (1024K)]
  0x000002581124e980 JavaThread "pool-1-thread-1"                   [_thread_blocked, id=6232, stack(0x000000b06d600000,0x000000b06d700000) (1024K)]
  0x00000258112503c0 JavaThread "ForkJoinPool.commonPool-worker-2" daemon [_thread_blocked, id=6136, stack(0x000000b06d800000,0x000000b06d900000) (1024K)]
  0x00000258112510e0 JavaThread "ForkJoinPool.commonPool-worker-5" daemon [_thread_blocked, id=18176, stack(0x000000b06db00000,0x000000b06dc00000) (1024K)]
  0x000002581124dc60 JavaThread "ForkJoinPool.commonPool-worker-6" daemon [_thread_blocked, id=22788, stack(0x000000b06dc00000,0x000000b06dd00000) (1024K)]
  0x0000025811251770 JavaThread "ForkJoinPool.commonPool-worker-7" daemon [_thread_blocked, id=17620, stack(0x000000b06dd00000,0x000000b06de00000) (1024K)]
  0x00000258160b6be0 JavaThread "Cleaner-0"                  daemon [_thread_blocked, id=23060, stack(0x000000b06c100000,0x000000b06c200000) (1024K)]
  0x00000258160b7f90 JavaThread "Worker-4"                          [_thread_blocked, id=13912, stack(0x000000b06a200000,0x000000b06a300000) (1024K)]
  0x00000258160b5ec0 JavaThread "Worker-5: Java indexing... "        [_thread_blocked, id=2620, stack(0x000000b06c500000,0x000000b06c600000) (1024K)]
  0x0000025814ad9230 JavaThread "C2 CompilerThread1"         daemon [_thread_in_native, id=5272, stack(0x000000b06b300000,0x000000b06b400000) (1024K)]
  0x0000025814ad76f0 JavaThread "C2 CompilerThread2"         daemon [_thread_in_native, id=3888, stack(0x000000b06c700000,0x000000b06c800000) (1024K)]
  0x00000258160b8cb0 JavaThread "Worker-6: Synchronizing projects"        [_thread_in_Java, id=11344, stack(0x000000b06ca00000,0x000000b06cb00000) (1024K)]
  0x00000258160b99d0 JavaThread "Worker-7"                          [_thread_blocked, id=22796, stack(0x000000b06d700000,0x000000b06d800000) (1024K)]
  0x00000258160bc130 JavaThread "Worker-8"                          [_thread_blocked, id=6420, stack(0x000000b06d900000,0x000000b06da00000) (1024K)]
  0x00000258160bd4e0 JavaThread "Worker-9: Flushing content description cache."        [_thread_blocked, id=23204, stack(0x000000b06da00000,0x000000b06db00000) (1024K)]
  0x00000258160bc7c0 JavaThread "Worker-10"                         [_thread_blocked, id=1928, stack(0x000000b06de00000,0x000000b06df00000) (1024K)]
Total: 48

Other Threads:
  0x00000257c9a43160 VMThread "VM Thread"                           [id=12228, stack(0x000000b06a800000,0x000000b06a900000) (1024K)]
  0x00000257b3049160 WatcherThread "VM Periodic Task Thread"        [id=9052, stack(0x000000b06a700000,0x000000b06a800000) (1024K)]
  0x00000257b2ffcb00 WorkerThread "GC Thread#0"                     [id=16964, stack(0x000000b06a600000,0x000000b06a700000) (1024K)]
  0x000002580ce96350 WorkerThread "GC Thread#1"                     [id=9816, stack(0x000000b06b500000,0x000000b06b600000) (1024K)]
  0x000002580ce95490 WorkerThread "GC Thread#2"                     [id=6104, stack(0x000000b06b600000,0x000000b06b700000) (1024K)]
  0x000002580ce96ab0 WorkerThread "GC Thread#3"                     [id=16528, stack(0x000000b06b700000,0x000000b06b800000) (1024K)]
  0x000002580ce96700 WorkerThread "GC Thread#4"                     [id=6176, stack(0x000000b06b800000,0x000000b06b900000) (1024K)]
  0x000002580ce950e0 WorkerThread "GC Thread#5"                     [id=18564, stack(0x000000b06b900000,0x000000b06ba00000) (1024K)]
  0x000002580ce95840 WorkerThread "GC Thread#6"                     [id=7380, stack(0x000000b06ba00000,0x000000b06bb00000) (1024K)]
  0x000002581115bfc0 WorkerThread "GC Thread#7"                     [id=22552, stack(0x000000b06bc00000,0x000000b06bd00000) (1024K)]
Total: 10

Threads with active compile tasks:
C2 CompilerThread0  318253 13727   !   4       org.eclipse.jdt.internal.core.JarPackageFragmentRoot::computeChildren (606 bytes)
C2 CompilerThread1  318253 13736       4       org.eclipse.jdt.internal.core.index.DiskIndex::copyQueryResults (221 bytes)
C2 CompilerThread2  318253 13731   !   4       org.eclipse.jdt.internal.compiler.classfmt.ClassFileReader::<init> (1968 bytes)
Total: 3

VM state: not at safepoint (normal execution)

VM Mutex/Monitor currently owned by a thread: None

Heap address: 0x0000000080000000, size: 2048 MB, Compressed Oops mode: 32-bit

CDS archive(s) mapped at: [0x00000257ca000000-0x00000257caba0000-0x00000257caba0000), size 12189696, SharedBaseAddress: 0x00000257ca000000, ArchiveRelocationMode: 1.
Compressed class space mapped at: 0x00000257cb000000-0x000002580b000000, reserved size: 1073741824
Narrow klass base: 0x00000257ca000000, Narrow klass shift: 0, Narrow klass range: 0x100000000

GC Precious Log:
 CardTable entry size: 512
 CPUs: 8 total, 8 available
 Memory: 16167M
 Large Page Support: Disabled
 NUMA Support: Disabled
 Compressed Oops: Enabled (32-bit)
 Alignments: Space 512K, Generation 512K, Heap 2M
 Heap Min Capacity: 100M
 Heap Initial Capacity: 100M
 Heap Max Capacity: 2G
 Pre-touch: Disabled
 Parallel Workers: 8

Heap:
 PSYoungGen      total 3584K, used 797K [0x00000000d5580000, 0x00000000d5a00000, 0x0000000100000000)
  eden space 3072K, 16% used [0x00000000d5580000,0x00000000d55fb920,0x00000000d5880000)
  from space 512K, 68% used [0x00000000d5900000,0x00000000d59576a8,0x00000000d5980000)
  to   space 512K, 0% used [0x00000000d5980000,0x00000000d5980000,0x00000000d5a00000)
 ParOldGen       total 97792K, used 97641K [0x0000000080000000, 0x0000000085f80000, 0x00000000d5580000)
  object space 97792K, 99% used [0x0000000080000000,0x0000000085f5a680,0x0000000085f80000)
 Metaspace       used 74981K, committed 76544K, reserved 1179648K
  class space    used 7973K, committed 8640K, reserved 1048576K

Card table byte_map: [0x00000257b2980000,0x00000257b2d90000] _byte_map_base: 0x00000257b2580000

Marking Bits: (ParMarkBitMap*) 0x00007ffaeaa13450
 Begin Bits: [0x00000257c5480000, 0x00000257c7480000)
 End Bits:   [0x00000257c7480000, 0x00000257c9480000)

Polling page: 0x00000257b0eb0000

Metaspace:

Usage:
  Non-class:     65.44 MB used.
      Class:      7.79 MB used.
       Both:     73.22 MB used.

Virtual space:
  Non-class space:      128.00 MB reserved,      66.31 MB ( 52%) committed,  2 nodes.
      Class space:        1.00 GB reserved,       8.44 MB ( <1%) committed,  1 nodes.
             Both:        1.12 GB reserved,      74.75 MB (  6%) committed. 

Chunk freelists:
   Non-Class:  13.55 MB
       Class:  7.39 MB
        Both:  20.94 MB

MaxMetaspaceSize: unlimited
CompressedClassSpaceSize: 1.00 GB
Initial GC threshold: 21.00 MB
Current GC threshold: 124.31 MB
CDS: on
 - commit_granule_bytes: 65536.
 - commit_granule_words: 8192.
 - virtual_space_node_default_size: 8388608.
 - enlarge_chunks_in_place: 1.
 - use_allocation_guard: 0.


Internal statistics:

num_allocs_failed_limit: 9.
num_arena_births: 1342.
num_arena_deaths: 18.
num_vsnodes_births: 3.
num_vsnodes_deaths: 0.
num_space_committed: 1196.
num_space_uncommitted: 0.
num_chunks_returned_to_freelist: 29.
num_chunks_taken_from_freelist: 4678.
num_chunk_merges: 15.
num_chunk_splits: 2908.
num_chunks_enlarged: 1696.
num_inconsistent_stats: 0.

CodeHeap 'non-profiled nmethods': size=120000Kb used=10100Kb max_used=10551Kb free=109899Kb
 bounds [0x00000257bdca0000, 0x00000257be720000, 0x00000257c51d0000]
CodeHeap 'profiled nmethods': size=120000Kb used=26082Kb max_used=28869Kb free=93917Kb
 bounds [0x00000257b61d0000, 0x00000257b7e10000, 0x00000257bd700000]
CodeHeap 'non-nmethods': size=5760Kb used=1501Kb max_used=1558Kb free=4258Kb
 bounds [0x00000257bd700000, 0x00000257bd970000, 0x00000257bdca0000]
CodeCache: size=245760Kb, used=37683Kb, max_used=40978Kb, free=208074Kb
 total_blobs=12748, nmethods=11934, adapters=720, full_count=0
Compilation: enabled, stopped_count=0, restarted_count=0

Compilation events (20 events):
Event: 317.938 Thread 0x0000025814ad76f0 nmethod 13714 0x00000257be1ef490 code [0x00000257be1ef620, 0x00000257be1ef938]
Event: 317.938 Thread 0x0000025814ad76f0 13722       4       org.eclipse.jdt.internal.core.index.DiskIndex::writeStreamInt (122 bytes)
Event: 317.940 Thread 0x0000025814ad76f0 nmethod 13722 0x00000257bdde8410 code [0x00000257bdde85a0, 0x00000257bdde8720]
Event: 317.940 Thread 0x0000025814ad76f0 13700       4       org.eclipse.jdt.internal.core.search.indexing.BinaryIndexer::extractName (42 bytes)
Event: 317.954 Thread 0x0000025814ad76f0 nmethod 13700 0x00000257bdd20390 code [0x00000257bdd20580, 0x00000257bdd20ec8]
Event: 317.954 Thread 0x0000025814ad76f0 13698       4       org.eclipse.jdt.internal.core.search.indexing.BinaryIndexer::extractType (42 bytes)
Event: 317.966 Thread 0x0000025814ad76f0 nmethod 13698 0x00000257be0ffb90 code [0x00000257be0ffd80, 0x00000257be1006c8]
Event: 317.966 Thread 0x0000025814ad76f0 13728       4       org.eclipse.jdt.internal.core.JavaModelManager::getOption (159 bytes)
Event: 318.009 Thread 0x0000025814ad76f0 nmethod 13728 0x00000257be03a790 code [0x00000257be03aa80, 0x00000257be03c240]
Event: 318.011 Thread 0x0000025814ad76f0 13729       4       org.eclipse.jdt.internal.core.JarPackageFragmentRoot::getPackageFragment (10 bytes)
Event: 318.012 Thread 0x0000025814ad76f0 nmethod 13729 0x00000257bde7a490 code [0x00000257bde7a620, 0x00000257bde7a768]
Event: 318.012 Thread 0x0000025814ad76f0 13618       4       org.eclipse.jdt.internal.compiler.classfmt.ModuleInfo::hashCode (35 bytes)
Event: 318.015 Thread 0x0000025814ad76f0 nmethod 13618 0x00000257bdf7dc90 code [0x00000257bdf7de80, 0x00000257bdf7e428]
Event: 318.022 Thread 0x0000025814ad76f0 13730       4       org.eclipse.jdt.internal.compiler.util.SimpleLookupTable::put (104 bytes)
Event: 318.028 Thread 0x0000025814ad76f0 nmethod 13730 0x00000257bdcd8290 code [0x00000257bdcd8480, 0x00000257bdcd8940]
Event: 318.028 Thread 0x0000025814ad76f0 13731   !   4       org.eclipse.jdt.internal.compiler.classfmt.ClassFileReader::<init> (1968 bytes)
Event: 318.045 Thread 0x000002580c350d50 13735       3       org.eclipse.jdt.internal.core.search.indexing.BinaryIndexer::extractArgCount (316 bytes)
Event: 318.046 Thread 0x000002580c350d50 nmethod 13735 0x00000257b6304190 code [0x00000257b6304400, 0x00000257b6304eb0]
Event: 318.148 Thread 0x000002580c350d50 13737       3       org.eclipse.jdt.internal.core.index.FileIndexLocation::exists (8 bytes)
Event: 318.148 Thread 0x000002580c350d50 nmethod 13737 0x00000257b6523090 code [0x00000257b6523280, 0x00000257b65236d8]

GC Heap History (20 events):
Event: 318.119 GC heap before
{Heap before GC invocations=308 (full 4):
 PSYoungGen      total 3584K, used 3200K [0x00000000d5580000, 0x00000000d5a00000, 0x0000000100000000)
  eden space 3072K, 100% used [0x00000000d5580000,0x00000000d5880000,0x00000000d5880000)
  from space 512K, 25% used [0x00000000d5900000,0x00000000d5920000,0x00000000d5980000)
  to   space 512K, 0% used [0x00000000d5980000,0x00000000d5980000,0x00000000d5a00000)
 ParOldGen       total 97792K, used 95972K [0x0000000080000000, 0x0000000085f80000, 0x00000000d5580000)
  object space 97792K, 98% used [0x0000000080000000,0x0000000085db9240,0x0000000085f80000)
 Metaspace       used 74969K, committed 76544K, reserved 1179648K
  class space    used 7971K, committed 8640K, reserved 1048576K
}
Event: 318.120 GC heap after
{Heap after GC invocations=308 (full 4):
 PSYoungGen      total 3584K, used 160K [0x00000000d5580000, 0x00000000d5a00000, 0x0000000100000000)
  eden space 3072K, 0% used [0x00000000d5580000,0x00000000d5580000,0x00000000d5880000)
  from space 512K, 31% used [0x00000000d5980000,0x00000000d59a8000,0x00000000d5a00000)
  to   space 512K, 0% used [0x00000000d5900000,0x00000000d5900000,0x00000000d5980000)
 ParOldGen       total 97792K, used 96052K [0x0000000080000000, 0x0000000085f80000, 0x00000000d5580000)
  object space 97792K, 98% used [0x0000000080000000,0x0000000085dcd240,0x0000000085f80000)
 Metaspace       used 74969K, committed 76544K, reserved 1179648K
  class space    used 7971K, committed 8640K, reserved 1048576K
}
Event: 318.130 GC heap before
{Heap before GC invocations=309 (full 4):
 PSYoungGen      total 3584K, used 3232K [0x00000000d5580000, 0x00000000d5a00000, 0x0000000100000000)
  eden space 3072K, 100% used [0x00000000d5580000,0x00000000d5880000,0x00000000d5880000)
  from space 512K, 31% used [0x00000000d5980000,0x00000000d59a8000,0x00000000d5a00000)
  to   space 512K, 0% used [0x00000000d5900000,0x00000000d5900000,0x00000000d5980000)
 ParOldGen       total 97792K, used 96052K [0x0000000080000000, 0x0000000085f80000, 0x00000000d5580000)
  object space 97792K, 98% used [0x0000000080000000,0x0000000085dcd240,0x0000000085f80000)
 Metaspace       used 74969K, committed 76544K, reserved 1179648K
  class space    used 7971K, committed 8640K, reserved 1048576K
}
Event: 318.131 GC heap after
{Heap after GC invocations=309 (full 4):
 PSYoungGen      total 3584K, used 369K [0x00000000d5580000, 0x00000000d5a00000, 0x0000000100000000)
  eden space 3072K, 0% used [0x00000000d5580000,0x00000000d5580000,0x00000000d5880000)
  from space 512K, 72% used [0x00000000d5900000,0x00000000d595c7d0,0x00000000d5980000)
  to   space 512K, 0% used [0x00000000d5980000,0x00000000d5980000,0x00000000d5a00000)
 ParOldGen       total 97792K, used 96132K [0x0000000080000000, 0x0000000085f80000, 0x00000000d5580000)
  object space 97792K, 98% used [0x0000000080000000,0x0000000085de1250,0x0000000085f80000)
 Metaspace       used 74969K, committed 76544K, reserved 1179648K
  class space    used 7971K, committed 8640K, reserved 1048576K
}
Event: 318.138 GC heap before
{Heap before GC invocations=310 (full 4):
 PSYoungGen      total 3584K, used 3441K [0x00000000d5580000, 0x00000000d5a00000, 0x0000000100000000)
  eden space 3072K, 100% used [0x00000000d5580000,0x00000000d5880000,0x00000000d5880000)
  from space 512K, 72% used [0x00000000d5900000,0x00000000d595c7d0,0x00000000d5980000)
  to   space 512K, 0% used [0x00000000d5980000,0x00000000d5980000,0x00000000d5a00000)
 ParOldGen       total 97792K, used 96132K [0x0000000080000000, 0x0000000085f80000, 0x00000000d5580000)
  object space 97792K, 98% used [0x0000000080000000,0x0000000085de1250,0x0000000085f80000)
 Metaspace       used 74969K, committed 76544K, reserved 1179648K
  class space    used 7971K, committed 8640K, reserved 1048576K
}
Event: 318.139 GC heap after
{Heap after GC invocations=310 (full 4):
 PSYoungGen      total 3584K, used 256K [0x00000000d5580000, 0x00000000d5a00000, 0x0000000100000000)
  eden space 3072K, 0% used [0x00000000d5580000,0x00000000d5580000,0x00000000d5880000)
  from space 512K, 50% used [0x00000000d5980000,0x00000000d59c0000,0x00000000d5a00000)
  to   space 512K, 0% used [0x00000000d5900000,0x00000000d5900000,0x00000000d5980000)
 ParOldGen       total 97792K, used 96228K [0x0000000080000000, 0x0000000085f80000, 0x00000000d5580000)
  object space 97792K, 98% used [0x0000000080000000,0x0000000085df9250,0x0000000085f80000)
 Metaspace       used 74969K, committed 76544K, reserved 1179648K
  class space    used 7971K, committed 8640K, reserved 1048576K
}
Event: 318.149 GC heap before
{Heap before GC invocations=311 (full 4):
 PSYoungGen      total 3584K, used 3328K [0x00000000d5580000, 0x00000000d5a00000, 0x0000000100000000)
  eden space 3072K, 100% used [0x00000000d5580000,0x00000000d5880000,0x00000000d5880000)
  from space 512K, 50% used [0x00000000d5980000,0x00000000d59c0000,0x00000000d5a00000)
  to   space 512K, 0% used [0x00000000d5900000,0x00000000d5900000,0x00000000d5980000)
 ParOldGen       total 97792K, used 96228K [0x0000000080000000, 0x0000000085f80000, 0x00000000d5580000)
  object space 97792K, 98% used [0x0000000080000000,0x0000000085df9250,0x0000000085f80000)
 Metaspace       used 74969K, committed 76544K, reserved 1179648K
  class space    used 7971K, committed 8640K, reserved 1048576K
}
Event: 318.149 GC heap after
{Heap after GC invocations=311 (full 4):
 PSYoungGen      total 3584K, used 351K [0x00000000d5580000, 0x00000000d5a00000, 0x0000000100000000)
  eden space 3072K, 0% used [0x00000000d5580000,0x00000000d5580000,0x00000000d5880000)
  from space 512K, 68% used [0x00000000d5900000,0x00000000d5957c48,0x00000000d5980000)
  to   space 512K, 0% used [0x00000000d5980000,0x00000000d5980000,0x00000000d5a00000)
 ParOldGen       total 97792K, used 96268K [0x0000000080000000, 0x0000000085f80000, 0x00000000d5580000)
  object space 97792K, 98% used [0x0000000080000000,0x0000000085e03250,0x0000000085f80000)
 Metaspace       used 74969K, committed 76544K, reserved 1179648K
  class space    used 7971K, committed 8640K, reserved 1048576K
}
Event: 318.156 GC heap before
{Heap before GC invocations=312 (full 4):
 PSYoungGen      total 3584K, used 3423K [0x00000000d5580000, 0x00000000d5a00000, 0x0000000100000000)
  eden space 3072K, 100% used [0x00000000d5580000,0x00000000d5880000,0x00000000d5880000)
  from space 512K, 68% used [0x00000000d5900000,0x00000000d5957c48,0x00000000d5980000)
  to   space 512K, 0% used [0x00000000d5980000,0x00000000d5980000,0x00000000d5a00000)
 ParOldGen       total 97792K, used 96268K [0x0000000080000000, 0x0000000085f80000, 0x00000000d5580000)
  object space 97792K, 98% used [0x0000000080000000,0x0000000085e03250,0x0000000085f80000)
 Metaspace       used 74969K, committed 76544K, reserved 1179648K
  class space    used 7971K, committed 8640K, reserved 1048576K
}
Event: 318.157 GC heap after
{Heap after GC invocations=312 (full 4):
 PSYoungGen      total 3584K, used 363K [0x00000000d5580000, 0x00000000d5a00000, 0x0000000100000000)
  eden space 3072K, 0% used [0x00000000d5580000,0x00000000d5580000,0x00000000d5880000)
  from space 512K, 70% used [0x00000000d5980000,0x00000000d59dad60,0x00000000d5a00000)
  to   space 512K, 0% used [0x00000000d5900000,0x00000000d5900000,0x00000000d5980000)
 ParOldGen       total 97792K, used 96342K [0x0000000080000000, 0x0000000085f80000, 0x00000000d5580000)
  object space 97792K, 98% used [0x0000000080000000,0x0000000085e15a90,0x0000000085f80000)
 Metaspace       used 74969K, committed 76544K, reserved 1179648K
  class space    used 7971K, committed 8640K, reserved 1048576K
}
Event: 318.174 GC heap before
{Heap before GC invocations=313 (full 4):
 PSYoungGen      total 3584K, used 3435K [0x00000000d5580000, 0x00000000d5a00000, 0x0000000100000000)
  eden space 3072K, 100% used [0x00000000d5580000,0x00000000d5880000,0x00000000d5880000)
  from space 512K, 70% used [0x00000000d5980000,0x00000000d59dad60,0x00000000d5a00000)
  to   space 512K, 0% used [0x00000000d5900000,0x00000000d5900000,0x00000000d5980000)
 ParOldGen       total 97792K, used 96342K [0x0000000080000000, 0x0000000085f80000, 0x00000000d5580000)
  object space 97792K, 98% used [0x0000000080000000,0x0000000085e15a90,0x0000000085f80000)
 Metaspace       used 74969K, committed 76544K, reserved 1179648K
  class space    used 7971K, committed 8640K, reserved 1048576K
}
Event: 318.177 GC heap after
{Heap after GC invocations=313 (full 4):
 PSYoungGen      total 3584K, used 256K [0x00000000d5580000, 0x00000000d5a00000, 0x0000000100000000)
  eden space 3072K, 0% used [0x00000000d5580000,0x00000000d5580000,0x00000000d5880000)
  from space 512K, 50% used [0x00000000d5900000,0x00000000d5940000,0x00000000d5980000)
  to   space 512K, 0% used [0x00000000d5980000,0x00000000d5980000,0x00000000d5a00000)
 ParOldGen       total 97792K, used 96422K [0x0000000080000000, 0x0000000085f80000, 0x00000000d5580000)
  object space 97792K, 98% used [0x0000000080000000,0x0000000085e29aa0,0x0000000085f80000)
 Metaspace       used 74969K, committed 76544K, reserved 1179648K
  class space    used 7971K, committed 8640K, reserved 1048576K
}
Event: 318.188 GC heap before
{Heap before GC invocations=314 (full 4):
 PSYoungGen      total 3584K, used 3328K [0x00000000d5580000, 0x00000000d5a00000, 0x0000000100000000)
  eden space 3072K, 100% used [0x00000000d5580000,0x00000000d5880000,0x00000000d5880000)
  from space 512K, 50% used [0x00000000d5900000,0x00000000d5940000,0x00000000d5980000)
  to   space 512K, 0% used [0x00000000d5980000,0x00000000d5980000,0x00000000d5a00000)
 ParOldGen       total 97792K, used 96422K [0x0000000080000000, 0x0000000085f80000, 0x00000000d5580000)
  object space 97792K, 98% used [0x0000000080000000,0x0000000085e29aa0,0x0000000085f80000)
 Metaspace       used 74969K, committed 76544K, reserved 1179648K
  class space    used 7971K, committed 8640K, reserved 1048576K
}
Event: 318.189 GC heap after
{Heap after GC invocations=314 (full 4):
 PSYoungGen      total 3584K, used 310K [0x00000000d5580000, 0x00000000d5a00000, 0x0000000100000000)
  eden space 3072K, 0% used [0x00000000d5580000,0x00000000d5580000,0x00000000d5880000)
  from space 512K, 60% used [0x00000000d5980000,0x00000000d59cd880,0x00000000d5a00000)
  to   space 512K, 0% used [0x00000000d5900000,0x00000000d5900000,0x00000000d5980000)
 ParOldGen       total 97792K, used 96446K [0x0000000080000000, 0x0000000085f80000, 0x00000000d5580000)
  object space 97792K, 98% used [0x0000000080000000,0x0000000085e2faa0,0x0000000085f80000)
 Metaspace       used 74969K, committed 76544K, reserved 1179648K
  class space    used 7971K, committed 8640K, reserved 1048576K
}
Event: 318.195 GC heap before
{Heap before GC invocations=315 (full 4):
 PSYoungGen      total 3584K, used 3382K [0x00000000d5580000, 0x00000000d5a00000, 0x0000000100000000)
  eden space 3072K, 100% used [0x00000000d5580000,0x00000000d5880000,0x00000000d5880000)
  from space 512K, 60% used [0x00000000d5980000,0x00000000d59cd880,0x00000000d5a00000)
  to   space 512K, 0% used [0x00000000d5900000,0x00000000d5900000,0x00000000d5980000)
 ParOldGen       total 97792K, used 96446K [0x0000000080000000, 0x0000000085f80000, 0x00000000d5580000)
  object space 97792K, 98% used [0x0000000080000000,0x0000000085e2faa0,0x0000000085f80000)
 Metaspace       used 74969K, committed 76544K, reserved 1179648K
  class space    used 7971K, committed 8640K, reserved 1048576K
}
Event: 318.196 GC heap after
{Heap after GC invocations=315 (full 4):
 PSYoungGen      total 3584K, used 345K [0x00000000d5580000, 0x00000000d5a00000, 0x0000000100000000)
  eden space 3072K, 0% used [0x00000000d5580000,0x00000000d5580000,0x00000000d5880000)
  from space 512K, 67% used [0x00000000d5900000,0x00000000d5956588,0x00000000d5980000)
  to   space 512K, 0% used [0x00000000d5980000,0x00000000d5980000,0x00000000d5a00000)
 ParOldGen       total 97792K, used 96486K [0x0000000080000000, 0x0000000085f80000, 0x00000000d5580000)
  object space 97792K, 98% used [0x0000000080000000,0x0000000085e39aa0,0x0000000085f80000)
 Metaspace       used 74969K, committed 76544K, reserved 1179648K
  class space    used 7971K, committed 8640K, reserved 1048576K
}
Event: 318.199 GC heap before
{Heap before GC invocations=316 (full 4):
 PSYoungGen      total 3584K, used 3417K [0x00000000d5580000, 0x00000000d5a00000, 0x0000000100000000)
  eden space 3072K, 100% used [0x00000000d5580000,0x00000000d5880000,0x00000000d5880000)
  from space 512K, 67% used [0x00000000d5900000,0x00000000d5956588,0x00000000d5980000)
  to   space 512K, 0% used [0x00000000d5980000,0x00000000d5980000,0x00000000d5a00000)
 ParOldGen       total 97792K, used 96486K [0x0000000080000000, 0x0000000085f80000, 0x00000000d5580000)
  object space 97792K, 98% used [0x0000000080000000,0x0000000085e39aa0,0x0000000085f80000)
 Metaspace       used 74969K, committed 76544K, reserved 1179648K
  class space    used 7971K, committed 8640K, reserved 1048576K
}
Event: 318.200 GC heap after
{Heap after GC invocations=316 (full 4):
 PSYoungGen      total 3584K, used 286K [0x00000000d5580000, 0x00000000d5a00000, 0x0000000100000000)
  eden space 3072K, 0% used [0x00000000d5580000,0x00000000d5580000,0x00000000d5880000)
  from space 512K, 55% used [0x00000000d5980000,0x00000000d59c7930,0x00000000d5a00000)
  to   space 512K, 0% used [0x00000000d5900000,0x00000000d5900000,0x00000000d5980000)
 ParOldGen       total 97792K, used 96668K [0x0000000080000000, 0x0000000085f80000, 0x00000000d5580000)
  object space 97792K, 98% used [0x0000000080000000,0x0000000085e67270,0x0000000085f80000)
 Metaspace       used 74969K, committed 76544K, reserved 1179648K
  class space    used 7971K, committed 8640K, reserved 1048576K
}
Event: 318.216 GC heap before
{Heap before GC invocations=317 (full 4):
 PSYoungGen      total 3584K, used 3358K [0x00000000d5580000, 0x00000000d5a00000, 0x0000000100000000)
  eden space 3072K, 100% used [0x00000000d5580000,0x00000000d5880000,0x00000000d5880000)
  from space 512K, 55% used [0x00000000d5980000,0x00000000d59c7930,0x00000000d5a00000)
  to   space 512K, 0% used [0x00000000d5900000,0x00000000d5900000,0x00000000d5980000)
 ParOldGen       total 97792K, used 96668K [0x0000000080000000, 0x0000000085f80000, 0x00000000d5580000)
  object space 97792K, 98% used [0x0000000080000000,0x0000000085e67270,0x0000000085f80000)
 Metaspace       used 74969K, committed 76544K, reserved 1179648K
  class space    used 7971K, committed 8640K, reserved 1048576K
}
Event: 318.218 GC heap after
{Heap after GC invocations=317 (full 4):
 PSYoungGen      total 3584K, used 474K [0x00000000d5580000, 0x00000000d5a00000, 0x0000000100000000)
  eden space 3072K, 0% used [0x00000000d5580000,0x00000000d5580000,0x00000000d5880000)
  from space 512K, 92% used [0x00000000d5900000,0x00000000d5976900,0x00000000d5980000)
  to   space 512K, 0% used [0x00000000d5980000,0x00000000d5980000,0x00000000d5a00000)
 ParOldGen       total 97792K, used 96804K [0x0000000080000000, 0x0000000085f80000, 0x00000000d5580000)
  object space 97792K, 98% used [0x0000000080000000,0x0000000085e89270,0x0000000085f80000)
 Metaspace       used 74969K, committed 76544K, reserved 1179648K
  class space    used 7971K, committed 8640K, reserved 1048576K
}

Dll operation events (12 events):
Event: 0.022 Loaded shared library c:\Users\ompra\.vscode\extensions\redhat.java-1.54.0-win32-x64\jre\21.0.10-win32-x86_64\bin\java.dll
Event: 0.088 Loaded shared library c:\Users\ompra\.vscode\extensions\redhat.java-1.54.0-win32-x64\jre\21.0.10-win32-x86_64\bin\zip.dll
Event: 0.109 Loaded shared library C:\Users\ompra\.vscode\extensions\redhat.java-1.54.0-win32-x64\jre\21.0.10-win32-x86_64\bin\instrument.dll
Event: 0.114 Loaded shared library C:\Users\ompra\.vscode\extensions\redhat.java-1.54.0-win32-x64\jre\21.0.10-win32-x86_64\bin\net.dll
Event: 0.116 Loaded shared library C:\Users\ompra\.vscode\extensions\redhat.java-1.54.0-win32-x64\jre\21.0.10-win32-x86_64\bin\nio.dll
Event: 0.120 Loaded shared library C:\Users\ompra\.vscode\extensions\redhat.java-1.54.0-win32-x64\jre\21.0.10-win32-x86_64\bin\zip.dll
Event: 0.139 Loaded shared library C:\Users\ompra\.vscode\extensions\redhat.java-1.54.0-win32-x64\jre\21.0.10-win32-x86_64\bin\jimage.dll
Event: 0.240 Loaded shared library c:\Users\ompra\.vscode\extensions\redhat.java-1.54.0-win32-x64\jre\21.0.10-win32-x86_64\bin\verify.dll
Event: 1.290 Loaded shared library C:\Users\ompra\AppData\Roaming\Code\User\globalStorage\redhat.java\1.54.0\config_win\org.eclipse.equinox.launcher\org.eclipse.equinox.launcher.win32.win32.x86_64_1.3.0.v20260203-2149\eclipse_11919.dll
Event: 4.453 Loaded shared library C:\Users\ompra\AppData\Local\Temp\jna-105869313\jna10052395975376043059.dll
Event: 261.736 Loaded shared library C:\Users\ompra\.vscode\extensions\redhat.java-1.54.0-win32-x64\jre\21.0.10-win32-x86_64\bin\sunmscapi.dll
Event: 262.114 Loaded shared library C:\Users\ompra\.vscode\extensions\redhat.java-1.54.0-win32-x64\jre\21.0.10-win32-x86_64\bin\extnet.dll

Deoptimization events (20 events):
Event: 317.886 Thread 0x00000258160b8cb0 DEOPT PACKING pc=0x00000257b719c4f0 sp=0x000000b06cafe300
Event: 317.886 Thread 0x00000258160b8cb0 DEOPT UNPACKING pc=0x00000257bd7578e2 sp=0x000000b06cafd8d0 mode 0
Event: 318.009 Thread 0x00000258160b8cb0 DEOPT PACKING pc=0x00000257b719c4f0 sp=0x000000b06cafe300
Event: 318.009 Thread 0x00000258160b8cb0 DEOPT UNPACKING pc=0x00000257bd7578e2 sp=0x000000b06cafd8d0 mode 0
Event: 318.018 Thread 0x00000258160b8cb0 Uncommon trap: trap_request=0xffffffbe fr.pc=0x00000257be23d91c relative=0x0000000000005c9c
Event: 318.018 Thread 0x00000258160b8cb0 Uncommon trap: reason=profile_predicate action=maybe_recompile pc=0x00000257be23d91c method=org.eclipse.jdt.internal.core.JarPackageFragmentRoot.computeChildren(Lorg/eclipse/jdt/internal/core/OpenableElementInfo;Lorg/eclipse/core/resources/IResource;)Z @ 
Event: 318.018 Thread 0x00000258160b8cb0 DEOPT PACKING pc=0x00000257be23d91c sp=0x000000b06cafe410
Event: 318.018 Thread 0x00000258160b8cb0 DEOPT UNPACKING pc=0x00000257bd756da2 sp=0x000000b06cafe3e8 mode 2
Event: 318.022 Thread 0x000002581141c830 DEOPT PACKING pc=0x00000257b6e9a422 sp=0x000000b06c6fe8d0
Event: 318.022 Thread 0x000002581141c830 DEOPT UNPACKING pc=0x00000257bd7578e2 sp=0x000000b06c6fde48 mode 0
Event: 318.044 Thread 0x000002581141c830 Uncommon trap: trap_request=0xffffff45 fr.pc=0x00000257bdd288b8 relative=0x0000000000000658
Event: 318.044 Thread 0x000002581141c830 Uncommon trap: reason=unstable_if action=reinterpret pc=0x00000257bdd288b8 method=org.eclipse.jdt.internal.core.search.indexing.BinaryIndexer.extractArgCount([C[CZ)I @ 45 c2
Event: 318.044 Thread 0x000002581141c830 DEOPT PACKING pc=0x00000257bdd288b8 sp=0x000000b06c6fe8b0
Event: 318.044 Thread 0x000002581141c830 DEOPT UNPACKING pc=0x00000257bd756da2 sp=0x000000b06c6fe810 mode 2
Event: 318.099 Thread 0x00000258160b8cb0 DEOPT PACKING pc=0x00000257b6e9a422 sp=0x000000b06cafde60
Event: 318.099 Thread 0x00000258160b8cb0 DEOPT UNPACKING pc=0x00000257bd7578e2 sp=0x000000b06cafd3d8 mode 0
Event: 318.116 Thread 0x000002581141c830 DEOPT PACKING pc=0x00000257b6aa750b sp=0x000000b06c6feb90
Event: 318.116 Thread 0x000002581141c830 DEOPT UNPACKING pc=0x00000257bd7578e2 sp=0x000000b06c6fe058 mode 0
Event: 318.227 Thread 0x000002581141c830 DEOPT PACKING pc=0x00000257b6e9a422 sp=0x000000b06c6fe8d0
Event: 318.227 Thread 0x000002581141c830 DEOPT UNPACKING pc=0x00000257bd7578e2 sp=0x000000b06c6fde48 mode 0

Classes loaded (20 events):
Event: 310.965 Loading class com/sun/org/apache/xerces/internal/xni/XNIException
Event: 310.965 Loading class com/sun/org/apache/xerces/internal/xni/XNIException done
Event: 310.965 Loading class com/sun/org/apache/xerces/internal/xni/parser/XMLParseException
Event: 310.965 Loading class com/sun/org/apache/xerces/internal/xni/parser/XMLParseException done
Event: 311.052 Loading class java/io/ObjectOutputStream$BlockDataOutputStream
Event: 311.052 Loading class java/io/ObjectOutputStream$BlockDataOutputStream done
Event: 311.052 Loading class java/io/ObjectOutputStream$HandleTable
Event: 311.053 Loading class java/io/ObjectOutputStream$HandleTable done
Event: 311.053 Loading class java/io/ObjectOutputStream$ReplaceTable
Event: 311.053 Loading class java/io/ObjectOutputStream$ReplaceTable done
Event: 311.239 Loading class java/util/zip/CheckedInputStream
Event: 311.239 Loading class java/util/zip/CheckedInputStream done
Event: 316.750 Loading class java/nio/BufferMismatch
Event: 316.750 Loading class java/nio/BufferMismatch done
Event: 316.852 Loading class java/util/ArrayDeque$DeqSpliterator
Event: 316.852 Loading class java/util/ArrayDeque$DeqSpliterator done
Event: 316.879 Loading class java/util/ImmutableCollections$SubList
Event: 316.879 Loading class java/util/ImmutableCollections$SubList done
Event: 317.307 Loading class javax/xml/transform/TransformerConfigurationException
Event: 317.307 Loading class javax/xml/transform/TransformerConfigurationException done

Classes unloaded (9 events):
Event: 4.873 Thread 0x00000257c9a43160 Unloading class 0x00000257cb1a3800 'java/lang/invoke/LambdaForm$MH+0x00000257cb1a3800'
Event: 4.873 Thread 0x00000257c9a43160 Unloading class 0x00000257cb1a3400 'java/lang/invoke/LambdaForm$MH+0x00000257cb1a3400'
Event: 4.873 Thread 0x00000257c9a43160 Unloading class 0x00000257cb1a3000 'java/lang/invoke/LambdaForm$MH+0x00000257cb1a3000'
Event: 4.873 Thread 0x00000257c9a43160 Unloading class 0x00000257cb1a2c00 'java/lang/invoke/LambdaForm$MH+0x00000257cb1a2c00'
Event: 4.873 Thread 0x00000257c9a43160 Unloading class 0x00000257cb1a2800 'java/lang/invoke/LambdaForm$BMH+0x00000257cb1a2800'
Event: 4.873 Thread 0x00000257c9a43160 Unloading class 0x00000257cb1a2400 'java/lang/invoke/LambdaForm$DMH+0x00000257cb1a2400'
Event: 4.873 Thread 0x00000257c9a43160 Unloading class 0x00000257cb1a1000 'java/lang/invoke/LambdaForm$DMH+0x00000257cb1a1000'
Event: 317.219 Thread 0x00000257c9a43160 Unloading class 0x00000257cb72c800 'java/lang/invoke/LambdaForm$DMH+0x00000257cb72c800'
Event: 317.219 Thread 0x00000257c9a43160 Unloading class 0x00000257cb72c400 'java/lang/invoke/LambdaForm$DMH+0x00000257cb72c400'

Classes redefined (0 events):
No events

Internal exceptions (20 events):
Event: 316.916 Thread 0x00000258160b8cb0 Exception <a 'sun/nio/fs/WindowsException'{0x00000000d5704b20}> (0x00000000d5704b20) 
thrown [s\src\hotspot\share\prims\jni.cpp, line 520]
Event: 316.917 Thread 0x00000258160b8cb0 Exception <a 'sun/nio/fs/WindowsException'{0x00000000d5705398}> (0x00000000d5705398) 
thrown [s\src\hotspot\share\prims\jni.cpp, line 520]
Event: 316.918 Thread 0x00000258160b8cb0 Implicit null exception at 0x00000257be404329 to 0x00000257be4046c0
Event: 316.918 Thread 0x00000258160b8cb0 Implicit null exception at 0x00000257be3e771b to 0x00000257be3e77a1
Event: 316.938 Thread 0x00000258160b8cb0 Implicit null exception at 0x00000257be423748 to 0x00000257be423e28
Event: 316.962 Thread 0x00000258160b8cb0 Implicit null exception at 0x00000257be390047 to 0x00000257be392650
Event: 316.962 Thread 0x00000258160b99d0 Implicit null exception at 0x00000257be3d9fff to 0x00000257be3dc5cc
Event: 316.963 Thread 0x00000258160b99d0 Exception <a 'sun/nio/fs/WindowsException'{0x00000000d5623ae0}> (0x00000000d5623ae0) 
thrown [s\src\hotspot\share\prims\jni.cpp, line 520]
Event: 316.963 Thread 0x00000258160b99d0 Exception <a 'sun/nio/fs/WindowsException'{0x00000000d5624338}> (0x00000000d5624338) 
thrown [s\src\hotspot\share\prims\jni.cpp, line 520]
Event: 316.981 Thread 0x00000258160b99d0 Exception <a 'sun/nio/fs/WindowsException'{0x00000000d5723e60}> (0x00000000d5723e60) 
thrown [s\src\hotspot\share\prims\jni.cpp, line 520]
Event: 316.981 Thread 0x00000258160b99d0 Exception <a 'sun/nio/fs/WindowsException'{0x00000000d57246b8}> (0x00000000d57246b8) 
thrown [s\src\hotspot\share\prims\jni.cpp, line 520]
Event: 316.981 Thread 0x00000258160b99d0 Exception <a 'sun/nio/fs/WindowsException'{0x00000000d5725740}> (0x00000000d5725740) 
thrown [s\src\hotspot\share\prims\jni.cpp, line 520]
Event: 316.981 Thread 0x00000258160b99d0 Exception <a 'sun/nio/fs/WindowsException'{0x00000000d5725d70}> (0x00000000d5725d70) 
thrown [s\src\hotspot\share\prims\jni.cpp, line 520]
Event: 316.981 Thread 0x00000258160b99d0 Exception <a 'sun/nio/fs/WindowsException'{0x00000000d5727030}> (0x00000000d5727030) 
thrown [s\src\hotspot\share\prims\jni.cpp, line 520]
Event: 316.982 Thread 0x00000258160b99d0 Exception <a 'sun/nio/fs/WindowsException'{0x00000000d5727830}> (0x00000000d5727830) 
thrown [s\src\hotspot\share\prims\jni.cpp, line 520]
Event: 316.982 Thread 0x00000258160b99d0 Exception <a 'sun/nio/fs/WindowsException'{0x00000000d5728af0}> (0x00000000d5728af0) 
thrown [s\src\hotspot\share\prims\jni.cpp, line 520]
Event: 316.982 Thread 0x00000258160b99d0 Exception <a 'sun/nio/fs/WindowsException'{0x00000000d5729348}> (0x00000000d5729348) 
thrown [s\src\hotspot\share\prims\jni.cpp, line 520]
Event: 317.304 Thread 0x000002581141c830 Exception <a 'sun/nio/fs/WindowsException'{0x00000000d5582db0}> (0x00000000d5582db0) 
thrown [s\src\hotspot\share\prims\jni.cpp, line 520]
Event: 317.948 Thread 0x000002581141c830 Exception <a 'sun/nio/fs/WindowsException'{0x00000000d56ecf68}> (0x00000000d56ecf68) 
thrown [s\src\hotspot\share\prims\jni.cpp, line 520]
Event: 318.135 Thread 0x000002581141c830 Exception <a 'sun/nio/fs/WindowsException'{0x00000000d573aa18}> (0x00000000d573aa18) 
thrown [s\src\hotspot\share\prims\jni.cpp, line 520]

ZGC Phase Switch (0 events):
No events

VM Operations (20 events):
Event: 318.119 Executing safepoint VM operation: ParallelGCFailedAllocation (Allocation Failure)
Event: 318.120 Executing safepoint VM operation: ParallelGCFailedAllocation (Allocation Failure) done
Event: 318.130 Executing safepoint VM operation: ParallelGCFailedAllocation (Allocation Failure)
Event: 318.131 Executing safepoint VM operation: ParallelGCFailedAllocation (Allocation Failure) done
Event: 318.138 Executing safepoint VM operation: ParallelGCFailedAllocation (Allocation Failure)
Event: 318.139 Executing safepoint VM operation: ParallelGCFailedAllocation (Allocation Failure) done
Event: 318.149 Executing safepoint VM operation: ParallelGCFailedAllocation (Allocation Failure)
Event: 318.149 Executing safepoint VM operation: ParallelGCFailedAllocation (Allocation Failure) done
Event: 318.156 Executing safepoint VM operation: ParallelGCFailedAllocation (Allocation Failure)
Event: 318.157 Executing safepoint VM operation: ParallelGCFailedAllocation (Allocation Failure) done
Event: 318.171 Executing safepoint VM operation: ParallelGCFailedAllocation (Allocation Failure)
Event: 318.177 Executing safepoint VM operation: ParallelGCFailedAllocation (Allocation Failure) done
Event: 318.186 Executing safepoint VM operation: ParallelGCFailedAllocation (Allocation Failure)
Event: 318.189 Executing safepoint VM operation: ParallelGCFailedAllocation (Allocation Failure) done
Event: 318.195 Executing safepoint VM operation: ParallelGCFailedAllocation (Allocation Failure)
Event: 318.196 Executing safepoint VM operation: ParallelGCFailedAllocation (Allocation Failure) done
Event: 318.199 Executing safepoint VM operation: ParallelGCFailedAllocation (Allocation Failure)
Event: 318.200 Executing safepoint VM operation: ParallelGCFailedAllocation (Allocation Failure) done
Event: 318.216 Executing safepoint VM operation: ParallelGCFailedAllocation (Allocation Failure)
Event: 318.218 Executing safepoint VM operation: ParallelGCFailedAllocation (Allocation Failure) done

Memory protections (0 events):
No events

Nmethod flushes (20 events):
Event: 317.252 Thread 0x00000257c9a43160 flushing  nmethod 0x00000257b7464d90
Event: 317.252 Thread 0x00000257c9a43160 flushing  nmethod 0x00000257b74e8390
Event: 317.252 Thread 0x00000257c9a43160 flushing  nmethod 0x00000257b74ee490
Event: 317.252 Thread 0x00000257c9a43160 flushing  nmethod 0x00000257b74f1e90
Event: 317.252 Thread 0x00000257c9a43160 flushing  nmethod 0x00000257b74f2490
Event: 317.252 Thread 0x00000257c9a43160 flushing  nmethod 0x00000257b74f5790
Event: 317.252 Thread 0x00000257c9a43160 flushing  nmethod 0x00000257b74f5e10
Event: 317.252 Thread 0x00000257c9a43160 flushing  nmethod 0x00000257b74f7e90
Event: 317.252 Thread 0x00000257c9a43160 flushing  nmethod 0x00000257b74f8a90
Event: 317.252 Thread 0x00000257c9a43160 flushing  nmethod 0x00000257b74fb290
Event: 317.252 Thread 0x00000257c9a43160 flushing  nmethod 0x00000257b74fce90
Event: 317.252 Thread 0x00000257c9a43160 flushing  nmethod 0x00000257b74fea10
Event: 317.252 Thread 0x00000257c9a43160 flushing  nmethod 0x00000257b74ffa10
Event: 317.252 Thread 0x00000257c9a43160 flushing  nmethod 0x00000257b7501d10
Event: 317.252 Thread 0x00000257c9a43160 flushing  nmethod 0x00000257b7502490
Event: 317.252 Thread 0x00000257c9a43160 flushing  nmethod 0x00000257b7502d10
Event: 317.252 Thread 0x00000257c9a43160 flushing  nmethod 0x00000257b7506b90
Event: 317.252 Thread 0x00000257c9a43160 flushing  nmethod 0x00000257b7520910
Event: 317.252 Thread 0x00000257c9a43160 flushing  nmethod 0x00000257b752e690
Event: 317.252 Thread 0x00000257c9a43160 flushing  nmethod 0x00000257b752ef90

Events (20 events):
Event: 314.204 Thread 0x00000258160ba6f0 Thread exited: 0x00000258160ba6f0
Event: 314.479 Thread 0x0000025814ad6950 Thread exited: 0x0000025814ad6950
Event: 314.479 Thread 0x0000025814ad9230 Thread exited: 0x0000025814ad9230
Event: 316.531 Thread 0x00000257c9a69570 Thread added: 0x0000025814ad9230
Event: 316.590 Thread 0x00000257c9a69570 Thread added: 0x0000025814ad76f0
Event: 316.613 Thread 0x00000258160b7f90 Thread added: 0x00000258160ba6f0
Event: 316.613 Thread 0x00000258160b7f90 Thread added: 0x00000258160bc130
Event: 316.613 Thread 0x00000258160b7f90 Thread added: 0x00000258160bad80
Event: 316.613 Thread 0x00000258160b7f90 Thread added: 0x00000258160b8cb0
Event: 316.613 Thread 0x00000258160b7f90 Thread added: 0x00000258160bb410
Event: 316.629 Thread 0x00000258160b8cb0 Thread exited: 0x00000258160b8cb0
Event: 316.629 Thread 0x00000258160bad80 Thread exited: 0x00000258160bad80
Event: 316.629 Thread 0x00000258160bc130 Thread exited: 0x00000258160bc130
Event: 316.629 Thread 0x00000258160bb410 Thread exited: 0x00000258160bb410
Event: 316.629 Thread 0x00000258160ba6f0 Thread exited: 0x00000258160ba6f0
Event: 316.801 Thread 0x000002581141bb10 Thread added: 0x00000258160b8cb0
Event: 316.802 Thread 0x00000258160b8cb0 Thread added: 0x00000258160b99d0
Event: 316.852 Thread 0x000002581141cec0 Thread added: 0x00000258160bc130
Event: 316.852 Thread 0x00000258160b99d0 Thread added: 0x00000258160bd4e0
Event: 317.549 Thread 0x00000258160bd4e0 Thread added: 0x00000258160bc7c0


Dynamic libraries:
0x00007ff73b270000 - 0x00007ff73b27e000 	c:\Users\ompra\.vscode\extensions\redhat.java-1.54.0-win32-x64\jre\21.0.10-win32-x86_64\bin\java.exe
0x00007ffb91440000 - 0x00007ffb916a7000 	C:\WINDOWS\SYSTEM32\ntdll.dll
0x00007ffb907c0000 - 0x00007ffb90889000 	C:\WINDOWS\System32\KERNEL32.DLL
0x00007ffb8ec80000 - 0x00007ffb8f074000 	C:\WINDOWS\System32\KERNELBASE.dll
0x00007ffb8abc0000 - 0x00007ffb8ac5f000 	C:\WINDOWS\SYSTEM32\apphelp.dll
0x00007ffb8f080000 - 0x00007ffb8f1cb000 	C:\WINDOWS\System32\ucrtbase.dll
0x00007ffb5b0a0000 - 0x00007ffb5b0b8000 	c:\Users\ompra\.vscode\extensions\redhat.java-1.54.0-win32-x64\jre\21.0.10-win32-x86_64\bin\jli.dll
0x00007ffb653f0000 - 0x00007ffb6540e000 	c:\Users\ompra\.vscode\extensions\redhat.java-1.54.0-win32-x64\jre\21.0.10-win32-x86_64\bin\VCRUNTIME140.dll
0x00007ffb90c40000 - 0x00007ffb90e05000 	C:\WINDOWS\System32\USER32.dll
0x00007ffb77e20000 - 0x00007ffb780b3000 	C:\WINDOWS\WinSxS\amd64_microsoft.windows.common-controls_6595b64144ccf1df_6.0.26100.8115_none_3e075c82e3354f9c\COMCTL32.dll
0x00007ffb8e0b0000 - 0x00007ffb8e0d7000 	C:\WINDOWS\System32\win32u.dll
0x00007ffb910e0000 - 0x00007ffb91189000 	C:\WINDOWS\System32\msvcrt.dll
0x00007ffb8f810000 - 0x00007ffb8f83b000 	C:\WINDOWS\System32\GDI32.dll
0x00007ffb8e0e0000 - 0x00007ffb8e20a000 	C:\WINDOWS\System32\gdi32full.dll
0x00007ffb8eb10000 - 0x00007ffb8ebb3000 	C:\WINDOWS\System32\msvcp_win.dll
0x00007ffb90890000 - 0x00007ffb908c2000 	C:\WINDOWS\System32\IMM32.DLL
0x00007ffb6f440000 - 0x00007ffb6f44c000 	c:\Users\ompra\.vscode\extensions\redhat.java-1.54.0-win32-x64\jre\21.0.10-win32-x86_64\bin\vcruntime140_1.dll
0x00007ffb2d4d0000 - 0x00007ffb2d55d000 	c:\Users\ompra\.vscode\extensions\redhat.java-1.54.0-win32-x64\jre\21.0.10-win32-x86_64\bin\msvcp140.dll
0x00007ffae9d50000 - 0x00007ffaeaaf1000 	c:\Users\ompra\.vscode\extensions\redhat.java-1.54.0-win32-x64\jre\21.0.10-win32-x86_64\bin\server\jvm.dll
0x00007ffb91240000 - 0x00007ffb912f6000 	C:\WINDOWS\System32\ADVAPI32.dll
0x00007ffb906f0000 - 0x00007ffb90797000 	C:\WINDOWS\System32\sechost.dll
0x00007ffb8f6f0000 - 0x00007ffb8f808000 	C:\WINDOWS\System32\RPCRT4.dll
0x00007ffb8f1d0000 - 0x00007ffb8f250000 	C:\WINDOWS\System32\WS2_32.dll
0x00007ffb8db70000 - 0x00007ffb8dbce000 	C:\WINDOWS\SYSTEM32\POWRPROF.dll
0x00007ffb8bd60000 - 0x00007ffb8bd96000 	C:\WINDOWS\SYSTEM32\WINMM.dll
0x00007ffb86520000 - 0x00007ffb8652b000 	C:\WINDOWS\SYSTEM32\VERSION.dll
0x00007ffb8db50000 - 0x00007ffb8db64000 	C:\WINDOWS\SYSTEM32\UMPDC.dll
0x00007ffb8ca70000 - 0x00007ffb8ca8b000 	C:\WINDOWS\SYSTEM32\kernel.appcore.dll
0x00007ffb67e00000 - 0x00007ffb67e0a000 	c:\Users\ompra\.vscode\extensions\redhat.java-1.54.0-win32-x64\jre\21.0.10-win32-x86_64\bin\jimage.dll
0x00007ffb8bb10000 - 0x00007ffb8bd52000 	C:\WINDOWS\SYSTEM32\DBGHELP.DLL
0x00007ffb900f0000 - 0x00007ffb90472000 	C:\WINDOWS\System32\combase.dll
0x00007ffb8ffb0000 - 0x00007ffb90087000 	C:\WINDOWS\System32\OLEAUT32.dll
0x00007ffb8bad0000 - 0x00007ffb8bb0b000 	C:\WINDOWS\SYSTEM32\dbgcore.DLL
0x00007ffb8de90000 - 0x00007ffb8df35000 	C:\WINDOWS\System32\bcryptPrimitives.dll
0x00007ffb660b0000 - 0x00007ffb660bf000 	c:\Users\ompra\.vscode\extensions\redhat.java-1.54.0-win32-x64\jre\21.0.10-win32-x86_64\bin\instrument.dll
0x00007ffb5b080000 - 0x00007ffb5b0a0000 	c:\Users\ompra\.vscode\extensions\redhat.java-1.54.0-win32-x64\jre\21.0.10-win32-x86_64\bin\java.dll
0x00007ffb8f840000 - 0x00007ffb8ffa6000 	C:\WINDOWS\System32\SHELL32.dll
0x00007ffb8df40000 - 0x00007ffb8e0aa000 	C:\WINDOWS\System32\wintypes.dll
0x00007ffb8e210000 - 0x00007ffb8ea75000 	C:\WINDOWS\System32\windows.storage.dll
0x00007ffb90e10000 - 0x00007ffb90f07000 	C:\WINDOWS\System32\SHCORE.dll
0x00007ffb90670000 - 0x00007ffb906d6000 	C:\WINDOWS\System32\shlwapi.dll
0x00007ffb8dc30000 - 0x00007ffb8dc59000 	C:\WINDOWS\SYSTEM32\profapi.dll
0x00007ffb4f870000 - 0x00007ffb4f888000 	c:\Users\ompra\.vscode\extensions\redhat.java-1.54.0-win32-x64\jre\21.0.10-win32-x86_64\bin\zip.dll
0x00007ffb65fd0000 - 0x00007ffb65fe0000 	C:\Users\ompra\.vscode\extensions\redhat.java-1.54.0-win32-x64\jre\21.0.10-win32-x86_64\bin\net.dll
0x00007ffb874d0000 - 0x00007ffb875fd000 	C:\WINDOWS\SYSTEM32\WINHTTP.dll
0x00007ffb8cfc0000 - 0x00007ffb8d02c000 	C:\WINDOWS\system32\mswsock.dll
0x00007ffb4f140000 - 0x00007ffb4f156000 	C:\Users\ompra\.vscode\extensions\redhat.java-1.54.0-win32-x64\jre\21.0.10-win32-x86_64\bin\nio.dll
0x00007ffb64f40000 - 0x00007ffb64f50000 	c:\Users\ompra\.vscode\extensions\redhat.java-1.54.0-win32-x64\jre\21.0.10-win32-x86_64\bin\verify.dll
0x00007ffb4cb60000 - 0x00007ffb4cba5000 	C:\Users\ompra\AppData\Roaming\Code\User\globalStorage\redhat.java\1.54.0\config_win\org.eclipse.equinox.launcher\org.eclipse.equinox.launcher.win32.win32.x86_64_1.3.0.v20260203-2149\eclipse_11919.dll
0x00007ffb90480000 - 0x00007ffb90617000 	C:\WINDOWS\System32\ole32.dll
0x00007ffb8d2e0000 - 0x00007ffb8d2fb000 	C:\WINDOWS\SYSTEM32\CRYPTSP.dll
0x00007ffb8c9d0000 - 0x00007ffb8ca09000 	C:\WINDOWS\system32\rsaenh.dll
0x00007ffb8d080000 - 0x00007ffb8d0b3000 	C:\WINDOWS\SYSTEM32\USERENV.dll
0x00007ffb8dc00000 - 0x00007ffb8dc2a000 	C:\WINDOWS\SYSTEM32\bcrypt.dll
0x00007ffb8d2d0000 - 0x00007ffb8d2dc000 	C:\WINDOWS\SYSTEM32\CRYPTBASE.dll
0x00007ffb8c440000 - 0x00007ffb8c472000 	C:\WINDOWS\SYSTEM32\IPHLPAPI.DLL
0x00007ffb907b0000 - 0x00007ffb907ba000 	C:\WINDOWS\System32\NSI.dll
0x00007ffb30890000 - 0x00007ffb308d9000 	C:\Users\ompra\AppData\Local\Temp\jna-105869313\jna10052395975376043059.dll
0x00007ffb906e0000 - 0x00007ffb906e8000 	C:\WINDOWS\System32\PSAPI.DLL
0x00007ffb87860000 - 0x00007ffb8787d000 	C:\WINDOWS\SYSTEM32\dhcpcsvc6.DLL
0x00007ffb87830000 - 0x00007ffb87855000 	C:\WINDOWS\SYSTEM32\dhcpcsvc.DLL
0x00007ffb64c30000 - 0x00007ffb64c3e000 	C:\Users\ompra\.vscode\extensions\redhat.java-1.54.0-win32-x64\jre\21.0.10-win32-x86_64\bin\sunmscapi.dll
0x00007ffb8dd10000 - 0x00007ffb8de87000 	C:\WINDOWS\System32\CRYPT32.dll
0x00007ffb8d510000 - 0x00007ffb8d540000 	C:\WINDOWS\SYSTEM32\ncrypt.dll
0x00007ffb8d4c0000 - 0x00007ffb8d4ff000 	C:\WINDOWS\SYSTEM32\NTASN1.dll
0x00007ffb8c480000 - 0x00007ffb8c5b2000 	C:\WINDOWS\SYSTEM32\DNSAPI.dll
0x00007ffb80f60000 - 0x00007ffb80f6b000 	C:\Windows\System32\rasadhlp.dll
0x00007ffb87cd0000 - 0x00007ffb87d56000 	C:\WINDOWS\System32\fwpuclnt.dll
0x00007ffb5b070000 - 0x00007ffb5b079000 	C:\Users\ompra\.vscode\extensions\redhat.java-1.54.0-win32-x64\jre\21.0.10-win32-x86_64\bin\extnet.dll

JVMTI agents:
c:\Users\ompra\.vscode\extensions\redhat.java-1.54.0-win32-x64\lombok\lombok-1.18.39-4050.jar path:c:\Users\ompra\.vscode\extensions\redhat.java-1.54.0-win32-x64\jre\21.0.10-win32-x86_64\bin\instrument.dll, loaded, initialized, instrumentlib options:none

dbghelp: loaded successfully - version: 4.0.5 - missing functions: none
symbol engine: initialized successfully - sym options: 0x614 - pdb path: .;c:\Users\ompra\.vscode\extensions\redhat.java-1.54.0-win32-x64\jre\21.0.10-win32-x86_64\bin;C:\WINDOWS\SYSTEM32;C:\WINDOWS\WinSxS\amd64_microsoft.windows.common-controls_6595b64144ccf1df_6.0.26100.8115_none_3e075c82e3354f9c;c:\Users\ompra\.vscode\extensions\redhat.java-1.54.0-win32-x64\jre\21.0.10-win32-x86_64\bin\server;C:\Users\ompra\AppData\Roaming\Code\User\globalStorage\redhat.java\1.54.0\config_win\org.eclipse.equinox.launcher\org.eclipse.equinox.launcher.win32.win32.x86_64_1.3.0.v20260203-2149;C:\Users\ompra\AppData\Local\Temp\jna-105869313

VM Arguments:
jvm_args: --add-modules=ALL-SYSTEM --add-opens=java.base/java.util=ALL-UNNAMED --add-opens=java.base/java.lang=ALL-UNNAMED --add-opens=java.base/sun.nio.fs=ALL-UNNAMED -Declipse.application=org.eclipse.jdt.ls.core.id1 -Dosgi.bundles.defaultStartLevel=4 -Declipse.product=org.eclipse.jdt.ls.core.product -Djava.import.generatesMetadataFilesAtProjectRoot=false -DDetectVMInstallationsJob.disabled=true -Dfile.encoding=utf8 -XX:+UseParallelGC -XX:GCTimeRatio=4 -XX:AdaptiveSizePolicyWeight=90 -Dsun.zip.disableMemoryMapping=true -Xmx2G -Xms100m -Xlog:disable -javaagent:c:\Users\ompra\.vscode\extensions\redhat.java-1.54.0-win32-x64\lombok\lombok-1.18.39-4050.jar -XX:+HeapDumpOnOutOfMemoryError -XX:HeapDumpPath=c:\Users\ompra\AppData\Roaming\Code\User\workspaceStorage\23bea852511d06e619417e0a6543da67\redhat.java -Daether.dependencyCollector.impl=bf 
java_command: c:\Users\ompra\.vscode\extensions\redhat.java-1.54.0-win32-x64\server\plugins\org.eclipse.equinox.launcher_1.7.100.v20251111-0406.jar -configuration c:\Users\ompra\AppData\Roaming\Code\User\globalStorage\redhat.java\1.54.0\config_win -data c:\Users\ompra\AppData\Roaming\Code\User\workspaceStorage\23bea852511d06e619417e0a6543da67\redhat.java\jdt_ws --pipe=\\.\pipe\lsp-19109f743cc8de63ffcdc9729f54f27b-sock
java_class_path (initial): c:\Users\ompra\.vscode\extensions\redhat.java-1.54.0-win32-x64\server\plugins\org.eclipse.equinox.launcher_1.7.100.v20251111-0406.jar
Launcher Type: SUN_STANDARD

[Global flags]
    uintx AdaptiveSizePolicyWeight                 = 90                                        {product} {command line}
     intx CICompilerCount                          = 4                                         {product} {ergonomic}
    uintx GCTimeRatio                              = 4                                         {product} {command line}
     bool HeapDumpOnOutOfMemoryError               = true                                   {manageable} {command line}
    ccstr HeapDumpPath                             = c:\Users\ompra\AppData\Roaming\Code\User\workspaceStorage\23bea852511d06e619417e0a6543da67\redhat.java         {manageable} {command line}
   size_t InitialHeapSize                          = 104857600                                 {product} {command line}
   size_t MaxHeapSize                              = 2147483648                                {product} {command line}
   size_t MaxNewSize                               = 715653120                                 {product} {ergonomic}
   size_t MinHeapDeltaBytes                        = 524288                                    {product} {ergonomic}
   size_t MinHeapSize                              = 104857600                                 {product} {command line}
   size_t NewSize                                  = 34603008                                  {product} {ergonomic}
    uintx NonNMethodCodeHeapSize                   = 5839372                                {pd product} {ergonomic}
    uintx NonProfiledCodeHeapSize                  = 122909434                              {pd product} {ergonomic}
   size_t OldSize                                  = 70254592                                  {product} {ergonomic}
    uintx ProfiledCodeHeapSize                     = 122909434                              {pd product} {ergonomic}
    uintx ReservedCodeCacheSize                    = 251658240                              {pd product} {ergonomic}
     bool SegmentedCodeCache                       = true                                      {product} {ergonomic}
   size_t SoftMaxHeapSize                          = 2147483648                             {manageable} {ergonomic}
     bool UseCompressedOops                        = true                           {product lp64_product} {ergonomic}
     bool UseLargePagesIndividualAllocation        = false                                  {pd product} {ergonomic}
     bool UseParallelGC                            = true                                      {product} {command line}

Logging:
Log output configuration:
 #0: stdout all=off uptime,level,tags foldmultilines=false
 #1: stderr all=off uptime,level,tags foldmultilines=false

Release file:
JAVA_VERSION="21.0.10" 
MODULES="java.base java.compiler java.datatransfer java.xml java.prefs java.desktop java.instrument java.logging java.management java.security.sasl java.naming java.rmi java.management.rmi java.net.http java.scripting java.security.jgss java.transaction.xa java.sql java.sql.rowset java.xml.crypto java.se java.smartcardio jdk.accessibility jdk.internal.jvmstat jdk.attach jdk.charsets jdk.internal.opt jdk.zipfs jdk.compiler jdk.crypto.ec jdk.crypto.cryptoki jdk.crypto.mscapi jdk.dynalink jdk.internal.ed jdk.editpad jdk.hotspot.agent jdk.httpserver jdk.internal.le jdk.internal.vm.ci jdk.internal.vm.compiler jdk.internal.vm.compiler.management jdk.jartool jdk.javadoc jdk.jcmd jdk.management jdk.management.agent jdk.jconsole jdk.jdeps jdk.jdwp.agent jdk.jdi jdk.jfr jdk.jshell jdk.jsobject jdk.jstatd jdk.localedata jdk.management.jfr jdk.naming.dns jdk.naming.rmi jdk.net jdk.nio.mapmode jdk.random jdk.sctp jdk.security.auth jdk.security.jgss jdk.unsupported jdk.unsupported.desktop jdk.xml.dom" 

Environment Variables:
JAVA_HOME=C:\Program Files\Java\jdk-21
PATH=C:\Users\ompra\AppData\Local\Programs\Microsoft VS Code;C:\Program Files\ARX-3.9.2\bin;C:\Python312\Scripts\;C:\Python312\;C:\Python313\Scripts\;C:\Python313\;C:\Program Files\Common Files\Oracle\Java\javapath;C:\WINDOWS\system32;C:\WINDOWS;C:\WINDOWS\System32\Wbem;C:\WINDOWS\System32\WindowsPowerShell\v1.0\;C:\WINDOWS\System32\OpenSSH\;C:\apache-maven-3.5.2\bin;C:\spring-2.1.8.RELEASE\bin;C:\ProgramData\chocolatey\bin;C:\Program Files\Java\jdk-17\bin;C:\spark\spark-3.3.4-bin-hadoop3\bin;C:\Hadoop_setup;C:\Program Files\nodejs\;D:\apache-maven-3.9.9\bin;C:\Program Files\Git\cmd;C:\Program Files\Docker\Docker\resources\bin;C:\Users\ompra\AppData\Local\Programs\Eclipse Adoptium\jdk-25.0.2.10-hotspot\bin;C:\Program Files\Common Files\Oracle\Java\javapath;C:\WINDOWS\system32;C:\WINDOWS;C:\WINDOWS\System32\Wbem;C:\WINDOWS\System32\WindowsPowerShell\v1.0\;C:\WINDOWS\System32\OpenSSH\;C:\apache-maven-3.5.2\bin;C:\spring-2.1.8.RELEASE\bin;C:\ProgramData\chocolatey\bin;C:\Program Files\Java\jdk-17\bin;C:\spark\spark-3.3.4-bin-hadoop3\bin;C:\Hadoop_setup;C:\Program Files\nodejs\;D:\apache-maven-3.9.9\bin;C:\Program Files\Git\cmd;C:\Program Files\Docker\Docker\resources\bin;C:\Users\ompra\AppData\Local\Microsoft\WindowsApps;C:\Program Files\JetBrains\IntelliJ IDEA Community Edition 2022.3.1\bin;C:\Program Files\heroku\bin;C:\Users\ompra\AppData\Local\Programs\Microsoft VS Code\bin;D:\Virtual Machines\Ubuntu 64-bit\Ubuntu 64-bit.vmx.lck;C:\Users\ompra\AppData\Roaming\npm;C:\Users\ompra\.fly\bin;D:\mingw64\bin;C:\Program Files\JetBrains\CLion 2025.2.3\bin;C:\Program Files\MySQL\Connector C++ 8.0\;D:\.android;D:\Downloads\mongodb-database-tools-windows-x86_64-100.13.0\mongodb-database-tools-windows-x86_64-100.13.0\bin;C:\Users\ompra\AppData\Local\Programs\Antigravity\bin
USERNAME=ompra
OS=Windows_NT
PROCESSOR_IDENTIFIER=Intel64 Family 6 Model 140 Stepping 1, GenuineIntel
TMP=C:\Users\ompra\AppData\Local\Temp
TEMP=C:\Users\ompra\AppData\Local\Temp




Periodic native trim disabled

---------------  S Y S T E M  ---------------

OS:
 Windows 11 , 64 bit Build 26100 (10.0.26100.8115)
OS uptime: 6 days 23:58 hours
Hyper-V role detected

CPU: total 8 (initial active 8) (4 cores per cpu, 2 threads per core) family 6 model 140 stepping 1 microcode 0x8a, cx8, cmov, fxsr, ht, mmx, 3dnowpref, sse, sse2, sse3, ssse3, sse4.1, sse4.2, popcnt, lzcnt, tsc, tscinvbit, avx, avx2, aes, erms, clmul, bmi1, bmi2, adx, avx512f, avx512dq, avx512cd, avx512bw, avx512vl, sha, fma, vzeroupper, avx512_vpopcntdq, avx512_vpclmulqdq, avx512_vaes, avx512_vnni, clflush, clflushopt, clwb, avx512_vbmi2, avx512_vbmi, hv, rdtscp, rdpid, fsrm, gfni, avx512_bitalg, f16c, cet_ibt, cet_ss, avx512_ifma
Processor Information for the first 8 processors :
  Max Mhz: 3110, Current Mhz: 3110, Mhz Limit: 3110

Memory: 4k page, system-wide physical 16167M (1999M free)
TotalPageFile size 25435M (AvailPageFile size 9M)
current process WorkingSet (physical memory assigned to process): 379M, peak: 400M
current process commit charge ("private bytes"): 440M, peak: 1689M

vm_info: OpenJDK 64-Bit Server VM (21.0.10+7-LTS) for windows-amd64 JRE (21.0.10+7-LTS), built on 2026-01-20T00:00:00Z by "admin" with MS VC++ 17.12 (VS2022)

END.
