#
# There is insufficient memory for the Java Runtime Environment to continue.
# Native memory allocation (mmap) failed to map 266338304 bytes for G1 virtual space
# Possible reasons:
#   The system is out of physical RAM or swap space
#   The process is running with CompressedOops enabled, and the Java Heap may be blocking the growth of the native heap
# Possible solutions:
#   Reduce memory load on the system
#   Increase physical memory or swap space
#   Check if swap backing store is full
#   Decrease Java heap size (-Xmx/-Xms)
#   Decrease number of Java threads
#   Decrease Java thread stack sizes (-Xss)
#   Set larger code cache with -XX:ReservedCodeCacheSize=
#   JVM is running with Zero Based Compressed Oops mode in which the Java heap is
#     placed in the first 32GB address space. The Java Heap base address is the
#     maximum limit for the native heap growth. Please use -XX:HeapBaseMinAddress
#     to set the Java Heap base and to place the Java Heap above 32GB virtual address.
# This output file may be truncated or incomplete.
#
#  Out of Memory Error (os_windows.cpp:3603), pid=9816, tid=18128
#
# JRE version:  (21.0.7+8) (build )
# Java VM: Java HotSpot(TM) 64-Bit Server VM (21.0.7+8-LTS-245, mixed mode, sharing, tiered, compressed oops, compressed class ptrs, g1 gc, windows-amd64)
# No core dump will be written. Minidumps are not enabled by default on client versions of Windows
#

---------------  S U M M A R Y ------------

Command Line: --enable-native-access=ALL-UNNAMED 

Host: 11th Gen Intel(R) Core(TM) i5-11300H @ 3.10GHz, 8 cores, 15G,  Windows 11 , 64 bit Build 26100 (10.0.26100.8115)
Time: Fri Apr 17 22:41:01 2026 Romance Summer Time elapsed time: 0.022104 seconds (0d 0h 0m 0s)

---------------  T H R E A D  ---------------

Current thread (0x00000218077b78a0):  JavaThread "Unknown thread" [_thread_in_vm, id=18128, stack(0x000000d0db700000,0x000000d0db800000) (1024K)]

Stack: [0x000000d0db700000,0x000000d0db800000]
Native frames: (J=compiled Java code, j=interpreted, Vv=VM code, C=native code)
V  [jvm.dll+0x6cae19]
V  [jvm.dll+0x855741]
V  [jvm.dll+0x857c6e]
V  [jvm.dll+0x858343]
V  [jvm.dll+0x27e0b6]
V  [jvm.dll+0x6c7595]
V  [jvm.dll+0x6bc0fa]
V  [jvm.dll+0x353eaa]
V  [jvm.dll+0x35bb26]
V  [jvm.dll+0x3ae52e]
V  [jvm.dll+0x3ae7d8]
V  [jvm.dll+0x3281bc]
V  [jvm.dll+0x328d1b]
V  [jvm.dll+0x81eaf9]
V  [jvm.dll+0x3bb211]
V  [jvm.dll+0x807d78]
V  [jvm.dll+0x4503ee]
V  [jvm.dll+0x451fe1]
C  [jli.dll+0x52a3]
C  [ucrtbase.dll+0x37b0]
C  [KERNEL32.DLL+0x2e8d7]
C  [ntdll.dll+0x8c3fc]


---------------  P R O C E S S  ---------------

Threads class SMR info:
_java_thread_list=0x00007ffabdcacc48, length=0, elements={
}

Java Threads: ( => current thread )
Total: 0

Other Threads:
  0x00000218078151f0 WorkerThread "GC Thread#0"                     [id=18620, stack(0x000000d0db800000,0x000000d0db900000) (1024K)]
  0x0000021807826670 ConcurrentGCThread "G1 Main Marker"            [id=18176, stack(0x000000d0db900000,0x000000d0dba00000) (1024K)]
  0x0000021807827170 WorkerThread "G1 Conc#0"                       [id=13376, stack(0x000000d0dba00000,0x000000d0dbb00000) (1024K)]

[error occurred during error reporting (printing all threads), id 0xc0000005, EXCEPTION_ACCESS_VIOLATION (0xc0000005) at pc=0x00007ffabd41a947]
VM state: not at safepoint (not fully initialized)

VM Mutex/Monitor currently owned by a thread:  ([mutex/lock_event])
[0x00007ffabdd1df50] Heap_lock - owner thread: 0x00000218077b78a0

Heap address: 0x0000000703600000, size: 4042 MB, Compressed Oops mode: Zero based, Oop shift amount: 3

CDS archive(s) mapped at: [0x0000000000000000-0x0000000000000000-0x0000000000000000), size 0, SharedBaseAddress: 0x0000000800000000, ArchiveRelocationMode: 1.
Narrow klass base: 0x0000000000000000, Narrow klass shift: 0, Narrow klass range: 0x0

GC Precious Log:
 CardTable entry size: 512
 Card Set container configuration: InlinePtr #cards 4 size 8 Array Of Cards #cards 16 size 48 Howl #buckets 8 coarsen threshold 3686 Howl Bitmap #cards 512 size 80 coarsen threshold 460 Card regions per heap region 1 cards per card region 4096

Heap:
 garbage-first heap   total 0K, used 0K [0x0000000703600000, 0x0000000800000000)
  region size 2048K, 0 young (0K), 0 survivors (0K)

[error occurred during error reporting (printing heap information), id 0xc0000005, EXCEPTION_ACCESS_VIOLATION (0xc0000005) at pc=0x00007ffabd803e79]
GC Heap History (0 events):
No events

Dll operation events (1 events):
Event: 0.013 Loaded shared library C:\Program Files\Java\jdk-21\bin\java.dll

Deoptimization events (0 events):
No events

Classes loaded (0 events):
No events

Classes unloaded (0 events):
No events

Classes redefined (0 events):
No events

Internal exceptions (0 events):
No events

ZGC Phase Switch (0 events):
No events

VM Operations (0 events):
No events

Events (0 events):
No events


Dynamic libraries:
0x00007ff78a2b0000 - 0x00007ff78a2c0000 	C:\Program Files\Java\jdk-21\bin\java.exe
0x00007ffb91440000 - 0x00007ffb916a7000 	C:\WINDOWS\SYSTEM32\ntdll.dll
0x00007ffb907c0000 - 0x00007ffb90889000 	C:\WINDOWS\System32\KERNEL32.DLL
0x00007ffb8ec80000 - 0x00007ffb8f074000 	C:\WINDOWS\System32\KERNELBASE.dll
0x00007ffb8abc0000 - 0x00007ffb8ac5f000 	C:\WINDOWS\SYSTEM32\apphelp.dll
0x00007ffb8f080000 - 0x00007ffb8f1cb000 	C:\WINDOWS\System32\ucrtbase.dll
0x00007ffb69320000 - 0x00007ffb6933b000 	C:\Program Files\Java\jdk-21\bin\VCRUNTIME140.dll
0x00007ffb72890000 - 0x00007ffb728a9000 	C:\Program Files\Java\jdk-21\bin\jli.dll
0x00007ffb91240000 - 0x00007ffb912f6000 	C:\WINDOWS\System32\ADVAPI32.dll
0x00007ffb910e0000 - 0x00007ffb91189000 	C:\WINDOWS\System32\msvcrt.dll
0x00007ffb906f0000 - 0x00007ffb90797000 	C:\WINDOWS\System32\sechost.dll
0x00007ffb8f6f0000 - 0x00007ffb8f808000 	C:\WINDOWS\System32\RPCRT4.dll
0x00007ffb90c40000 - 0x00007ffb90e05000 	C:\WINDOWS\System32\USER32.dll
0x00007ffb8e0b0000 - 0x00007ffb8e0d7000 	C:\WINDOWS\System32\win32u.dll
0x00007ffb8f810000 - 0x00007ffb8f83b000 	C:\WINDOWS\System32\GDI32.dll
0x00007ffb8e0e0000 - 0x00007ffb8e20a000 	C:\WINDOWS\System32\gdi32full.dll
0x00007ffb77e20000 - 0x00007ffb780b3000 	C:\WINDOWS\WinSxS\amd64_microsoft.windows.common-controls_6595b64144ccf1df_6.0.26100.8115_none_3e075c82e3354f9c\COMCTL32.dll
0x00007ffb8eb10000 - 0x00007ffb8ebb3000 	C:\WINDOWS\System32\msvcp_win.dll
0x00007ffb86520000 - 0x00007ffb8652b000 	C:\WINDOWS\SYSTEM32\VERSION.dll
0x00007ffb90890000 - 0x00007ffb908c2000 	C:\WINDOWS\System32\IMM32.DLL
0x00007ffb6d5b0000 - 0x00007ffb6d5bc000 	C:\Program Files\Java\jdk-21\bin\vcruntime140_1.dll
0x00007ffb31ce0000 - 0x00007ffb31d6e000 	C:\Program Files\Java\jdk-21\bin\msvcp140.dll
0x00007ffabd0e0000 - 0x00007ffabddfa000 	C:\Program Files\Java\jdk-21\bin\server\jvm.dll
0x00007ffb8f1d0000 - 0x00007ffb8f250000 	C:\WINDOWS\System32\WS2_32.dll
0x00007ffb8db70000 - 0x00007ffb8dbce000 	C:\WINDOWS\SYSTEM32\POWRPROF.dll
0x00007ffb8bd60000 - 0x00007ffb8bd96000 	C:\WINDOWS\SYSTEM32\WINMM.dll
0x00007ffb8db50000 - 0x00007ffb8db64000 	C:\WINDOWS\SYSTEM32\UMPDC.dll
0x00007ffb8ca70000 - 0x00007ffb8ca8b000 	C:\WINDOWS\SYSTEM32\kernel.appcore.dll
0x00007ffb6d110000 - 0x00007ffb6d11a000 	C:\Program Files\Java\jdk-21\bin\jimage.dll
0x00007ffb8bb10000 - 0x00007ffb8bd52000 	C:\WINDOWS\SYSTEM32\DBGHELP.DLL
0x00007ffb900f0000 - 0x00007ffb90472000 	C:\WINDOWS\System32\combase.dll
0x00007ffb8ffb0000 - 0x00007ffb90087000 	C:\WINDOWS\System32\OLEAUT32.dll
0x00007ffb8bad0000 - 0x00007ffb8bb0b000 	C:\WINDOWS\SYSTEM32\dbgcore.DLL
0x00007ffb8de90000 - 0x00007ffb8df35000 	C:\WINDOWS\System32\bcryptPrimitives.dll
0x00007ffb69290000 - 0x00007ffb692af000 	C:\Program Files\Java\jdk-21\bin\java.dll

dbghelp: loaded successfully - version: 4.0.5 - missing functions: none
symbol engine: initialized successfully - sym options: 0x614 - pdb path: .;C:\Program Files\Java\jdk-21\bin;C:\WINDOWS\SYSTEM32;C:\WINDOWS\WinSxS\amd64_microsoft.windows.common-controls_6595b64144ccf1df_6.0.26100.8115_none_3e075c82e3354f9c;C:\Program Files\Java\jdk-21\bin\server

VM Arguments:
jvm_args: --enable-native-access=ALL-UNNAMED 
java_command: <unknown>
java_class_path (initial): <not set>
Launcher Type: SUN_STANDARD

[Global flags]
     intx CICompilerCount                          = 4                                         {product} {ergonomic}
     uint ConcGCThreads                            = 2                                         {product} {ergonomic}
     uint G1ConcRefinementThreads                  = 8                                         {product} {ergonomic}
   size_t G1HeapRegionSize                         = 2097152                                   {product} {ergonomic}
    uintx GCDrainStackTargetSize                   = 64                                        {product} {ergonomic}
   size_t InitialHeapSize                          = 266338304                                 {product} {ergonomic}
   size_t MarkStackSize                            = 4194304                                   {product} {ergonomic}
   size_t MaxHeapSize                              = 4238344192                                {product} {ergonomic}
   size_t MinHeapDeltaBytes                        = 2097152                                   {product} {ergonomic}
   size_t MinHeapSize                              = 8388608                                   {product} {ergonomic}
    uintx NonNMethodCodeHeapSize                   = 5839372                                {pd product} {ergonomic}
    uintx NonProfiledCodeHeapSize                  = 122909434                              {pd product} {ergonomic}
    uintx ProfiledCodeHeapSize                     = 122909434                              {pd product} {ergonomic}
    uintx ReservedCodeCacheSize                    = 251658240                              {pd product} {ergonomic}
     bool SegmentedCodeCache                       = true                                      {product} {ergonomic}
   size_t SoftMaxHeapSize                          = 4238344192                             {manageable} {ergonomic}
     bool UseCompressedOops                        = true                           {product lp64_product} {ergonomic}
     bool UseG1GC                                  = true                                      {product} {ergonomic}
     bool UseLargePagesIndividualAllocation        = false                                  {pd product} {ergonomic}

Logging:
Log output configuration:
 #0: stdout all=warning uptime,level,tags foldmultilines=false
 #1: stderr all=off uptime,level,tags foldmultilines=false

Environment Variables:
JAVA_HOME=C:\Program Files\Java\jdk-21
PATH=C:\Users\ompra\AppData\Local\Programs\Microsoft VS Code;C:\Program Files\ARX-3.9.2\bin;C:\Python312\Scripts\;C:\Python312\;C:\Python313\Scripts\;C:\Python313\;C:\Program Files\Common Files\Oracle\Java\javapath;C:\WINDOWS\system32;C:\WINDOWS;C:\WINDOWS\System32\Wbem;C:\WINDOWS\System32\WindowsPowerShell\v1.0\;C:\WINDOWS\System32\OpenSSH\;C:\apache-maven-3.5.2\bin;C:\spring-2.1.8.RELEASE\bin;C:\ProgramData\chocolatey\bin;C:\Program Files\Java\jdk-17\bin;C:\spark\spark-3.3.4-bin-hadoop3\bin;C:\Hadoop_setup;C:\Program Files\nodejs\;D:\apache-maven-3.9.9\bin;C:\Program Files\Git\cmd;C:\Program Files\Docker\Docker\resources\bin;C:\Users\ompra\AppData\Local\Programs\Eclipse Adoptium\jdk-25.0.2.10-hotspot\bin;C:\Program Files\Common Files\Oracle\Java\javapath;C:\WINDOWS\system32;C:\WINDOWS;C:\WINDOWS\System32\Wbem;C:\WINDOWS\System32\WindowsPowerShell\v1.0\;C:\WINDOWS\System32\OpenSSH\;C:\apache-maven-3.5.2\bin;C:\spring-2.1.8.RELEASE\bin;C:\ProgramData\chocolatey\bin;C:\Program Files\Java\jdk-17\bin;C:\spark\spark-3.3.4-bin-hadoop3\bin;C:\Hadoop_setup;C:\Program Files\nodejs\;D:\apache-maven-3.9.9\bin;C:\Program Files\Git\cmd;C:\Program Files\Docker\Docker\resources\bin;C:\Users\ompra\AppData\Local\Microsoft\WindowsApps;C:\Program Files\JetBrains\IntelliJ IDEA Community Edition 2022.3.1\bin;C:\Program Files\heroku\bin;C:\Users\ompra\AppData\Local\Programs\Microsoft VS Code\bin;D:\Virtual Machines\Ubuntu 64-bit\Ubuntu 64-bit.vmx.lck;C:\Users\ompra\AppData\Roaming\npm;C:\Users\ompra\.fly\bin;D:\mingw64\bin;C:\Program Files\JetBrains\CLion 2025.2.3\bin;C:\Program Files\MySQL\Connector C++ 8.0\;D:\.android;D:\Downloads\mongodb-database-tools-windows-x86_64-100.13.0\mongodb-database-tools-windows-x86_64-100.13.0\bin;C:\Users\ompra\AppData\Local\Programs\Antigravity\bin
USERNAME=ompra
OS=Windows_NT
PROCESSOR_IDENTIFIER=Intel64 Family 6 Model 140 Stepping 1, GenuineIntel
TMP=C:\Users\ompra\AppData\Local\Temp
TEMP=C:\Users\ompra\AppData\Local\Temp




Periodic native trim disabled

---------------  S Y S T E M  ---------------

OS:
 Windows 11 , 64 bit Build 26100 (10.0.26100.8115)
OS uptime: 6 days 23:58 hours
Hyper-V role detected

CPU: total 8 (initial active 8) (4 cores per cpu, 2 threads per core) family 6 model 140 stepping 1 microcode 0x8a, cx8, cmov, fxsr, ht, mmx, 3dnowpref, sse, sse2, sse3, ssse3, sse4.1, sse4.2, popcnt, lzcnt, tsc, tscinvbit, avx, avx2, aes, erms, clmul, bmi1, bmi2, adx, avx512f, avx512dq, avx512cd, avx512bw, avx512vl, sha, fma, vzeroupper, avx512_vpopcntdq, avx512_vpclmulqdq, avx512_vaes, avx512_vnni, clflush, clflushopt, clwb, avx512_vbmi2, avx512_vbmi, hv, rdtscp, rdpid, fsrm, gfni, avx512_bitalg, f16c, cet_ibt, cet_ss, avx512_ifma
Processor Information for all 8 processors :
  Max Mhz: 3110, Current Mhz: 3110, Mhz Limit: 3110

Memory: 4k page, system-wide physical 16167M (2225M free)
TotalPageFile size 25435M (AvailPageFile size 119M)
current process WorkingSet (physical memory assigned to process): 14M, peak: 14M
current process commit charge ("private bytes"): 60M, peak: 314M

vm_info: Java HotSpot(TM) 64-Bit Server VM (21.0.7+8-LTS-245) for windows-amd64 JRE (21.0.7+8-LTS-245), built on 2025-02-21T05:11:27Z by "mach5one" with MS VC++ 17.6 (VS2022)

END.
